::1 - - [03/Jun/2021:20:36:52 +0000] "POST /api/user/create HTTP/1.1" 500 75 "-" "PostmanRuntime/7.28.0"
::1 - - [03/Jun/2021:20:37:21 +0000] "POST /api/user/create HTTP/1.1" 201 36 "-" "PostmanRuntime/7.28.0"
::1 - - [03/Jun/2021:20:38:29 +0000] "GET /api/user HTTP/1.1" 200 747 "-" "PostmanRuntime/7.28.0"
::1 - - [03/Jun/2021:20:40:08 +0000] "GET /api/user HTTP/1.1" 200 2 "-" "PostmanRuntime/7.28.0"
::1 - - [03/Jun/2021:20:40:13 +0000] "POST /api/user HTTP/1.1" 404 148 "-" "PostmanRuntime/7.28.0"
::1 - - [03/Jun/2021:20:40:55 +0000] "POST /api/user/create HTTP/1.1" 201 36 "-" "PostmanRuntime/7.28.0"
::1 - - [03/Jun/2021:20:41:50 +0000] "POST /api/user/create HTTP/1.1" 201 36 "-" "PostmanRuntime/7.28.0"
::1 - - [03/Jun/2021:20:44:27 +0000] "POST /api/user/create HTTP/1.1" 500 113 "-" "PostmanRuntime/7.28.0"
::1 - - [03/Jun/2021:20:45:11 +0000] "POST /api/user/create HTTP/1.1" 201 36 "-" "PostmanRuntime/7.28.0"
::1 - - [03/Jun/2021:20:46:23 +0000] "POST /api/user/create HTTP/1.1" 201 36 "-" "PostmanRuntime/7.28.0"
::1 - - [03/Jun/2021:20:46:31 +0000] "GET /api/user HTTP/1.1" 200 367 "-" "PostmanRuntime/7.28.0"
::1 - - [04/Jun/2021:18:46:07 +0000] "POST /api/api/user/create HTTP/1.1" 404 159 "http://localhost:3000/" "Mozilla/5.0 (Linux; Android 5.0; SM-G900P Build/LRX21T) AppleWebKit/537.36 (KHTML, like Gecko) Chrome/91.0.4472.77 Mobile Safari/537.36"
::1 - - [04/Jun/2021:18:50:37 +0000] "POST /api/user/create HTTP/1.1" 500 167 "http://localhost:3000/" "Mozilla/5.0 (Linux; Android 5.0; SM-G900P Build/LRX21T) AppleWebKit/537.36 (KHTML, like Gecko) Chrome/91.0.4472.77 Mobile Safari/537.36"
::1 - - [04/Jun/2021:18:52:22 +0000] "POST /api/user/create HTTP/1.1" 500 167 "http://localhost:3000/" "Mozilla/5.0 (Linux; Android 5.0; SM-G900P Build/LRX21T) AppleWebKit/537.36 (KHTML, like Gecko) Chrome/91.0.4472.77 Mobile Safari/537.36"
::1 - - [04/Jun/2021:18:56:57 +0000] "POST /api/user/create HTTP/1.1" 500 43 "http://localhost:3000/" "Mozilla/5.0 (Linux; Android 5.0; SM-G900P Build/LRX21T) AppleWebKit/537.36 (KHTML, like Gecko) Chrome/91.0.4472.77 Mobile Safari/537.36"
::1 - - [04/Jun/2021:18:59:59 +0000] "GET /api/user/create HTTP/1.1" 500 119 "-" "Mozilla/5.0 (Windows NT 10.0; Win64; x64) AppleWebKit/537.36 (KHTML, like Gecko) Chrome/91.0.4472.77 Safari/537.36"
::1 - - [04/Jun/2021:19:00:00 +0000] "GET /favicon.ico HTTP/1.1" 404 150 "http://localhost:5000/api/user/create" "Mozilla/5.0 (Windows NT 10.0; Win64; x64) AppleWebKit/537.36 (KHTML, like Gecko) Chrome/91.0.4472.77 Safari/537.36"
::1 - - [04/Jun/2021:19:01:16 +0000] "POST /api/user/create HTTP/1.1" 500 43 "http://localhost:3000/" "Mozilla/5.0 (Windows NT 10.0; Win64; x64) AppleWebKit/537.36 (KHTML, like Gecko) Chrome/91.0.4472.77 Safari/537.36"
::1 - - [04/Jun/2021:19:01:45 +0000] "POST /api/user/create HTTP/1.1" 500 43 "http://localhost:3000/" "Mozilla/5.0 (Linux; Android 5.0; SM-G900P Build/LRX21T) AppleWebKit/537.36 (KHTML, like Gecko) Chrome/91.0.4472.77 Mobile Safari/537.36"
::1 - - [04/Jun/2021:19:01:53 +0000] "GET /api/user/create HTTP/1.1" 500 119 "-" "Mozilla/5.0 (Windows NT 10.0; Win64; x64) AppleWebKit/537.36 (KHTML, like Gecko) Chrome/91.0.4472.77 Safari/537.36"
::1 - - [04/Jun/2021:19:14:23 +0000] "POST /api/user/create HTTP/1.1" 500 43 "http://localhost:3000/" "Mozilla/5.0 (Linux; Android 5.0; SM-G900P Build/LRX21T) AppleWebKit/537.36 (KHTML, like Gecko) Chrome/91.0.4472.77 Mobile Safari/537.36"
::1 - - [04/Jun/2021:19:14:37 +0000] "GET /api/user/create HTTP/1.1" 500 119 "-" "Mozilla/5.0 (Windows NT 10.0; Win64; x64) AppleWebKit/537.36 (KHTML, like Gecko) Chrome/91.0.4472.77 Safari/537.36"
::1 - - [04/Jun/2021:19:18:37 +0000] "GET /api/user/create HTTP/1.1" 500 119 "-" "PostmanRuntime/7.28.0"
::1 - - [04/Jun/2021:19:19:28 +0000] "GET /api/user/create HTTP/1.1" 500 119 "-" "PostmanRuntime/7.28.0"
::1 - - [04/Jun/2021:19:19:52 +0000] "GET /api/user/create HTTP/1.1" 500 119 "-" "PostmanRuntime/7.28.0"
::1 - - [04/Jun/2021:19:20:17 +0000] "GET /api/user/create HTTP/1.1" 500 119 "-" "PostmanRuntime/7.28.0"
::1 - - [04/Jun/2021:19:20:18 +0000] "GET /api/user/create HTTP/1.1" 500 119 "-" "PostmanRuntime/7.28.0"
::1 - - [04/Jun/2021:19:21:10 +0000] "GET /api/user/create HTTP/1.1" 500 119 "-" "PostmanRuntime/7.28.0"
::1 - - [04/Jun/2021:19:21:28 +0000] "GET /api/user/create HTTP/1.1" 500 119 "-" "PostmanRuntime/7.28.0"
::1 - - [04/Jun/2021:19:22:36 +0000] "POST /api/user/create HTTP/1.1" 500 43 "-" "PostmanRuntime/7.28.0"
::1 - - [04/Jun/2021:19:23:10 +0000] "POST /api/user/create HTTP/1.1" 500 43 "-" "PostmanRuntime/7.28.0"
::1 - - [04/Jun/2021:19:23:23 +0000] "POST /api/user/create HTTP/1.1" 500 43 "-" "PostmanRuntime/7.28.0"
::1 - - [04/Jun/2021:19:23:55 +0000] "POST /api/user/create HTTP/1.1" 201 36 "-" "PostmanRuntime/7.28.0"
::1 - - [04/Jun/2021:19:24:45 +0000] "POST /api/user/create HTTP/1.1" 500 200 "http://localhost:3000/" "Mozilla/5.0 (Linux; Android 5.0; SM-G900P Build/LRX21T) AppleWebKit/537.36 (KHTML, like Gecko) Chrome/91.0.4472.77 Mobile Safari/537.36"
::1 - - [04/Jun/2021:19:27:36 +0000] "POST /api/user/create HTTP/1.1" 500 200 "http://localhost:3000/" "Mozilla/5.0 (Linux; Android 5.0; SM-G900P Build/LRX21T) AppleWebKit/537.36 (KHTML, like Gecko) Chrome/91.0.4472.77 Mobile Safari/537.36"
::1 - - [04/Jun/2021:19:31:00 +0000] "POST /api//sds/user/create HTTP/1.1" 404 160 "http://localhost:3000/" "Mozilla/5.0 (Windows NT 10.0; Win64; x64) AppleWebKit/537.36 (KHTML, like Gecko) Chrome/91.0.4472.77 Safari/537.36"
::1 - - [04/Jun/2021:19:31:03 +0000] "POST /api//sds/user/create HTTP/1.1" 404 160 "http://localhost:3000/" "Mozilla/5.0 (Windows NT 10.0; Win64; x64) AppleWebKit/537.36 (KHTML, like Gecko) Chrome/91.0.4472.77 Safari/537.36"
::1 - - [04/Jun/2021:19:35:38 +0000] "POST /api//sds/user/create HTTP/1.1" 404 160 "http://localhost:3000/" "Mozilla/5.0 (Windows NT 10.0; Win64; x64) AppleWebKit/537.36 (KHTML, like Gecko) Chrome/91.0.4472.77 Safari/537.36"
::1 - - [04/Jun/2021:19:36:02 +0000] "POST /api//sds/user/create HTTP/1.1" 404 160 "http://localhost:3000/" "Mozilla/5.0 (Linux; Android 5.0; SM-G900P Build/LRX21T) AppleWebKit/537.36 (KHTML, like Gecko) Chrome/91.0.4472.77 Mobile Safari/537.36"
::1 - - [04/Jun/2021:19:40:15 +0000] "POST /api//sds/user/create HTTP/1.1" 404 160 "http://localhost:3000/" "Mozilla/5.0 (Linux; Android 5.0; SM-G900P Build/LRX21T) AppleWebKit/537.36 (KHTML, like Gecko) Chrome/91.0.4472.77 Mobile Safari/537.36"
::1 - - [04/Jun/2021:19:42:33 +0000] "POST /api//sds/user/create HTTP/1.1" 404 160 "http://localhost:3000/" "Mozilla/5.0 (Linux; Android 5.0; SM-G900P Build/LRX21T) AppleWebKit/537.36 (KHTML, like Gecko) Chrome/91.0.4472.77 Mobile Safari/537.36"
::1 - - [04/Jun/2021:19:45:55 +0000] "POST /api/user/create HTTP/1.1" 500 200 "http://localhost:3000/" "Mozilla/5.0 (Linux; Android 5.0; SM-G900P Build/LRX21T) AppleWebKit/537.36 (KHTML, like Gecko) Chrome/91.0.4472.77 Mobile Safari/537.36"
::1 - - [04/Jun/2021:19:49:35 +0000] "POST /api/user/create HTTP/1.1" 500 200 "http://localhost:3000/" "Mozilla/5.0 (Linux; Android 5.0; SM-G900P Build/LRX21T) AppleWebKit/537.36 (KHTML, like Gecko) Chrome/91.0.4472.77 Mobile Safari/537.36"
::1 - - [04/Jun/2021:19:51:18 +0000] "POST /api/user/create HTTP/1.1" 500 200 "http://localhost:3000/" "Mozilla/5.0 (Linux; Android 5.0; SM-G900P Build/LRX21T) AppleWebKit/537.36 (KHTML, like Gecko) Chrome/91.0.4472.77 Mobile Safari/537.36"
::1 - - [04/Jun/2021:19:52:13 +0000] "POST /api/user/create HTTP/1.1" 500 200 "http://localhost:3000/" "Mozilla/5.0 (Linux; Android 5.0; SM-G900P Build/LRX21T) AppleWebKit/537.36 (KHTML, like Gecko) Chrome/91.0.4472.77 Mobile Safari/537.36"
::1 - - [04/Jun/2021:20:00:01 +0000] "POST /api/user/create HTTP/1.1" 500 200 "http://localhost:3000/" "Mozilla/5.0 (Linux; Android 5.0; SM-G900P Build/LRX21T) AppleWebKit/537.36 (KHTML, like Gecko) Chrome/91.0.4472.77 Mobile Safari/537.36"
::1 - - [04/Jun/2021:20:03:44 +0000] "POST /api/user/create HTTP/1.1" 500 200 "http://localhost:3000/" "Mozilla/5.0 (Linux; Android 5.0; SM-G900P Build/LRX21T) AppleWebKit/537.36 (KHTML, like Gecko) Chrome/91.0.4472.77 Mobile Safari/537.36"
::1 - - [04/Jun/2021:20:04:38 +0000] "POST /api/user/create HTTP/1.1" 500 200 "http://localhost:3000/" "Mozilla/5.0 (Linux; Android 5.0; SM-G900P Build/LRX21T) AppleWebKit/537.36 (KHTML, like Gecko) Chrome/91.0.4472.77 Mobile Safari/537.36"
::1 - - [04/Jun/2021:20:06:13 +0000] "POST /api/user/create HTTP/1.1" 500 200 "http://localhost:3000/" "Mozilla/5.0 (Linux; Android 5.0; SM-G900P Build/LRX21T) AppleWebKit/537.36 (KHTML, like Gecko) Chrome/91.0.4472.77 Mobile Safari/537.36"
::1 - - [04/Jun/2021:20:07:49 +0000] "POST /api/user/create HTTP/1.1" 500 200 "http://localhost:3000/" "Mozilla/5.0 (Linux; Android 5.0; SM-G900P Build/LRX21T) AppleWebKit/537.36 (KHTML, like Gecko) Chrome/91.0.4472.77 Mobile Safari/537.36"
::1 - - [04/Jun/2021:20:07:56 +0000] "GET /api/user/create HTTP/1.1" 500 119 "-" "Mozilla/5.0 (Windows NT 10.0; Win64; x64) AppleWebKit/537.36 (KHTML, like Gecko) Chrome/91.0.4472.77 Safari/537.36"
::1 - - [04/Jun/2021:20:08:06 +0000] "POST /api/user/create HTTP/1.1" 201 36 "-" "PostmanRuntime/7.28.0"
::1 - - [04/Jun/2021:20:08:30 +0000] "POST /api/user/create HTTP/1.1" 500 139 "-" "PostmanRuntime/7.28.0"
::1 - - [04/Jun/2021:20:10:00 +0000] "POST /api/user/create HTTP/1.1" 201 36 "http://localhost:3000/" "Mozilla/5.0 (Windows NT 10.0; Win64; x64) AppleWebKit/537.36 (KHTML, like Gecko) Chrome/91.0.4472.77 Safari/537.36"
::1 - - [04/Jun/2021:20:10:58 +0000] "POST /api/user/create HTTP/1.1" 500 200 "http://localhost:3000/" "Mozilla/5.0 (Windows NT 10.0; Win64; x64) AppleWebKit/537.36 (KHTML, like Gecko) Chrome/91.0.4472.77 Safari/537.36"
::1 - - [04/Jun/2021:20:13:46 +0000] "POST /api/user/create HTTP/1.1" 201 36 "http://localhost:3000/" "Mozilla/5.0 (Windows NT 10.0; Win64; x64) AppleWebKit/537.36 (KHTML, like Gecko) Chrome/91.0.4472.77 Safari/537.36"
::1 - - [04/Jun/2021:20:15:49 +0000] "POST /api/user/create HTTP/1.1" 201 36 "http://localhost:3000/" "Mozilla/5.0 (Linux; Android 5.0; SM-G900P Build/LRX21T) AppleWebKit/537.36 (KHTML, like Gecko) Chrome/91.0.4472.77 Mobile Safari/537.36"
::1 - - [04/Jun/2021:20:20:05 +0000] "POST /api/user/create HTTP/1.1" 201 36 "http://localhost:3000/" "Mozilla/5.0 (Linux; Android 5.0; SM-G900P Build/LRX21T) AppleWebKit/537.36 (KHTML, like Gecko) Chrome/91.0.4472.77 Mobile Safari/537.36"
::1 - - [04/Jun/2021:20:31:07 +0000] "POST /api/user/create HTTP/1.1" 201 36 "http://localhost:3000/" "Mozilla/5.0 (Linux; Android 5.0; SM-G900P Build/LRX21T) AppleWebKit/537.36 (KHTML, like Gecko) Chrome/91.0.4472.77 Mobile Safari/537.36"
::1 - - [04/Jun/2021:20:41:35 +0000] "POST /api/use/user/create HTTP/1.1" 404 159 "http://localhost:3000/" "Mozilla/5.0 (Linux; Android 5.0; SM-G900P Build/LRX21T) AppleWebKit/537.36 (KHTML, like Gecko) Chrome/91.0.4472.77 Mobile Safari/537.36"
::1 - - [04/Jun/2021:20:43:02 +0000] "POST /api/use/user/create HTTP/1.1" 404 159 "http://localhost:3000/" "Mozilla/5.0 (Windows NT 10.0; Win64; x64) AppleWebKit/537.36 (KHTML, like Gecko) Chrome/91.0.4472.77 Safari/537.36"
::1 - - [04/Jun/2021:20:43:55 +0000] "POST /api/use/user/create HTTP/1.1" 404 159 "http://localhost:3000/" "Mozilla/5.0 (Windows NT 10.0; Win64; x64) AppleWebKit/537.36 (KHTML, like Gecko) Chrome/91.0.4472.77 Safari/537.36"
::1 - - [04/Jun/2021:20:44:37 +0000] "POST /api/use/user/create HTTP/1.1" 404 159 "http://localhost:3000/" "Mozilla/5.0 (Windows NT 10.0; Win64; x64) AppleWebKit/537.36 (KHTML, like Gecko) Chrome/91.0.4472.77 Safari/537.36"
::1 - - [04/Jun/2021:20:45:22 +0000] "POST /api/use/user/create HTTP/1.1" 404 159 "http://localhost:3000/" "Mozilla/5.0 (Linux; Android 5.0; SM-G900P Build/LRX21T) AppleWebKit/537.36 (KHTML, like Gecko) Chrome/91.0.4472.77 Mobile Safari/537.36"
::1 - - [04/Jun/2021:20:48:28 +0000] "POST /api/use/user/create HTTP/1.1" 404 159 "http://localhost:3000/" "Mozilla/5.0 (Linux; Android 5.0; SM-G900P Build/LRX21T) AppleWebKit/537.36 (KHTML, like Gecko) Chrome/91.0.4472.77 Mobile Safari/537.36"
::1 - - [04/Jun/2021:20:49:33 +0000] "POST /api/use/user/create HTTP/1.1" 404 159 "http://localhost:3000/" "Mozilla/5.0 (Linux; Android 5.0; SM-G900P Build/LRX21T) AppleWebKit/537.36 (KHTML, like Gecko) Chrome/91.0.4472.77 Mobile Safari/537.36"
::1 - - [04/Jun/2021:20:50:55 +0000] "POST /api/use/user/create HTTP/1.1" 404 159 "http://localhost:3000/" "Mozilla/5.0 (Linux; Android 5.0; SM-G900P Build/LRX21T) AppleWebKit/537.36 (KHTML, like Gecko) Chrome/91.0.4472.77 Mobile Safari/537.36"
::1 - - [04/Jun/2021:20:51:53 +0000] "POST /api/use/user/create HTTP/1.1" 404 159 "http://localhost:3000/" "Mozilla/5.0 (Windows NT 10.0; Win64; x64) AppleWebKit/537.36 (KHTML, like Gecko) Chrome/91.0.4472.77 Safari/537.36"
::1 - - [04/Jun/2021:20:52:19 +0000] "POST /api/use/user/create HTTP/1.1" 404 159 "http://localhost:3000/" "Mozilla/5.0 (Windows NT 10.0; Win64; x64) AppleWebKit/537.36 (KHTML, like Gecko) Chrome/91.0.4472.77 Safari/537.36"
::1 - - [04/Jun/2021:20:53:04 +0000] "POST /api/use/user/create HTTP/1.1" 404 159 "http://localhost:3000/" "Mozilla/5.0 (Windows NT 10.0; Win64; x64) AppleWebKit/537.36 (KHTML, like Gecko) Chrome/91.0.4472.77 Safari/537.36"
::1 - - [04/Jun/2021:20:53:32 +0000] "POST /api/use/user/create HTTP/1.1" 404 159 "http://localhost:3000/" "Mozilla/5.0 (Windows NT 10.0; Win64; x64) AppleWebKit/537.36 (KHTML, like Gecko) Chrome/91.0.4472.77 Safari/537.36"
::1 - - [04/Jun/2021:20:53:46 +0000] "POST /api/use/user/create HTTP/1.1" 404 159 "http://localhost:3000/" "Mozilla/5.0 (Windows NT 10.0; Win64; x64) AppleWebKit/537.36 (KHTML, like Gecko) Chrome/91.0.4472.77 Safari/537.36"
::1 - - [04/Jun/2021:20:54:11 +0000] "POST /api/use/user/create HTTP/1.1" 404 159 "http://localhost:3000/" "Mozilla/5.0 (Windows NT 10.0; Win64; x64) AppleWebKit/537.36 (KHTML, like Gecko) Chrome/91.0.4472.77 Safari/537.36"
::1 - - [04/Jun/2021:20:54:39 +0000] "POST /api/use/user/create HTTP/1.1" 404 159 "http://localhost:3000/" "Mozilla/5.0 (Windows NT 10.0; Win64; x64) AppleWebKit/537.36 (KHTML, like Gecko) Chrome/91.0.4472.77 Safari/537.36"
::1 - - [04/Jun/2021:20:56:31 +0000] "POST /api/use/user/create HTTP/1.1" 404 159 "http://localhost:3000/" "Mozilla/5.0 (Windows NT 10.0; Win64; x64) AppleWebKit/537.36 (KHTML, like Gecko) Chrome/91.0.4472.77 Safari/537.36"
::1 - - [04/Jun/2021:20:56:45 +0000] "POST /api/use/user/create HTTP/1.1" 404 159 "http://localhost:3000/" "Mozilla/5.0 (Windows NT 10.0; Win64; x64) AppleWebKit/537.36 (KHTML, like Gecko) Chrome/91.0.4472.77 Safari/537.36"
::1 - - [04/Jun/2021:20:57:40 +0000] "POST /api/use/user/create HTTP/1.1" 404 159 "http://localhost:3000/" "Mozilla/5.0 (Windows NT 10.0; Win64; x64) AppleWebKit/537.36 (KHTML, like Gecko) Chrome/91.0.4472.77 Safari/537.36"
::1 - - [04/Jun/2021:20:58:25 +0000] "POST /api/use/user/create HTTP/1.1" 404 159 "http://localhost:3000/" "Mozilla/5.0 (Windows NT 10.0; Win64; x64) AppleWebKit/537.36 (KHTML, like Gecko) Chrome/91.0.4472.77 Safari/537.36"
::1 - - [04/Jun/2021:20:59:05 +0000] "POST /api/use/user/create HTTP/1.1" 404 159 "http://localhost:3000/" "Mozilla/5.0 (Windows NT 10.0; Win64; x64) AppleWebKit/537.36 (KHTML, like Gecko) Chrome/91.0.4472.77 Safari/537.36"
::1 - - [04/Jun/2021:21:02:21 +0000] "POST /api/use/user/create HTTP/1.1" 404 159 "http://localhost:3000/" "Mozilla/5.0 (Windows NT 10.0; Win64; x64) AppleWebKit/537.36 (KHTML, like Gecko) Chrome/91.0.4472.77 Safari/537.36"
::1 - - [04/Jun/2021:21:04:26 +0000] "POST /api/use/user/create HTTP/1.1" 404 159 "http://localhost:3000/" "Mozilla/5.0 (Windows NT 10.0; Win64; x64) AppleWebKit/537.36 (KHTML, like Gecko) Chrome/91.0.4472.77 Safari/537.36"
::1 - - [04/Jun/2021:21:06:20 +0000] "POST /api/use/user/create HTTP/1.1" 404 159 "http://localhost:3000/" "Mozilla/5.0 (Windows NT 10.0; Win64; x64) AppleWebKit/537.36 (KHTML, like Gecko) Chrome/91.0.4472.77 Safari/537.36"
::1 - - [04/Jun/2021:21:06:22 +0000] "POST /api/use/user/create HTTP/1.1" 404 159 "http://localhost:3000/" "Mozilla/5.0 (Windows NT 10.0; Win64; x64) AppleWebKit/537.36 (KHTML, like Gecko) Chrome/91.0.4472.77 Safari/537.36"
::1 - - [04/Jun/2021:21:08:17 +0000] "POST /api/use/user/create HTTP/1.1" 404 159 "http://localhost:3000/" "Mozilla/5.0 (Windows NT 10.0; Win64; x64) AppleWebKit/537.36 (KHTML, like Gecko) Chrome/91.0.4472.77 Safari/537.36"
::1 - - [04/Jun/2021:21:08:44 +0000] "POST /api/use/user/create HTTP/1.1" 404 159 "http://localhost:3000/" "Mozilla/5.0 (Windows NT 10.0; Win64; x64) AppleWebKit/537.36 (KHTML, like Gecko) Chrome/91.0.4472.77 Safari/537.36"
::1 - - [04/Jun/2021:21:11:07 +0000] "POST /api/use/user/create HTTP/1.1" 404 159 "http://localhost:3000/" "Mozilla/5.0 (Windows NT 10.0; Win64; x64) AppleWebKit/537.36 (KHTML, like Gecko) Chrome/91.0.4472.77 Safari/537.36"
::1 - - [04/Jun/2021:21:12:33 +0000] "POST /api/use/user/create HTTP/1.1" 404 159 "http://localhost:3000/" "Mozilla/5.0 (Windows NT 10.0; Win64; x64) AppleWebKit/537.36 (KHTML, like Gecko) Chrome/91.0.4472.77 Safari/537.36"
::1 - - [04/Jun/2021:21:12:57 +0000] "POST /api/use/user/create HTTP/1.1" 404 159 "http://localhost:3000/" "Mozilla/5.0 (Windows NT 10.0; Win64; x64) AppleWebKit/537.36 (KHTML, like Gecko) Chrome/91.0.4472.77 Safari/537.36"
::1 - - [04/Jun/2021:21:13:28 +0000] "POST /api/use/user/create HTTP/1.1" 404 159 "http://localhost:3000/" "Mozilla/5.0 (Windows NT 10.0; Win64; x64) AppleWebKit/537.36 (KHTML, like Gecko) Chrome/91.0.4472.77 Safari/537.36"
::1 - - [04/Jun/2021:21:13:37 +0000] "POST /api/use/user/create HTTP/1.1" 404 159 "http://localhost:3000/" "Mozilla/5.0 (Windows NT 10.0; Win64; x64) AppleWebKit/537.36 (KHTML, like Gecko) Chrome/91.0.4472.77 Safari/537.36"
::1 - - [04/Jun/2021:21:15:17 +0000] "POST /api/use/user/create HTTP/1.1" 404 159 "http://localhost:3000/" "Mozilla/5.0 (Windows NT 10.0; Win64; x64) AppleWebKit/537.36 (KHTML, like Gecko) Chrome/91.0.4472.77 Safari/537.36"
::1 - - [04/Jun/2021:21:15:20 +0000] "POST /api/use/user/create HTTP/1.1" 404 159 "http://localhost:3000/" "Mozilla/5.0 (Windows NT 10.0; Win64; x64) AppleWebKit/537.36 (KHTML, like Gecko) Chrome/91.0.4472.77 Safari/537.36"
::1 - - [04/Jun/2021:21:15:28 +0000] "POST /api/user/create HTTP/1.1" 500 139 "http://localhost:3000/" "Mozilla/5.0 (Windows NT 10.0; Win64; x64) AppleWebKit/537.36 (KHTML, like Gecko) Chrome/91.0.4472.77 Safari/537.36"
::1 - - [04/Jun/2021:21:15:55 +0000] "POST /api/user/create HTTP/1.1" 500 139 "http://localhost:3000/" "Mozilla/5.0 (Windows NT 10.0; Win64; x64) AppleWebKit/537.36 (KHTML, like Gecko) Chrome/91.0.4472.77 Safari/537.36"
::1 - - [04/Jun/2021:21:15:56 +0000] "POST /api/user/create HTTP/1.1" 500 139 "http://localhost:3000/" "Mozilla/5.0 (Windows NT 10.0; Win64; x64) AppleWebKit/537.36 (KHTML, like Gecko) Chrome/91.0.4472.77 Safari/537.36"
::1 - - [04/Jun/2021:21:16:15 +0000] "POST /api/user/create HTTP/1.1" 500 139 "http://localhost:3000/" "Mozilla/5.0 (Linux; Android 5.0; SM-G900P Build/LRX21T) AppleWebKit/537.36 (KHTML, like Gecko) Chrome/91.0.4472.77 Mobile Safari/537.36"
::1 - - [04/Jun/2021:21:16:34 +0000] "POST /api/user/create HTTP/1.1" 500 139 "http://localhost:3000/" "Mozilla/5.0 (Linux; Android 5.0; SM-G900P Build/LRX21T) AppleWebKit/537.36 (KHTML, like Gecko) Chrome/91.0.4472.77 Mobile Safari/537.36"
::1 - - [04/Jun/2021:21:16:59 +0000] "POST /api/user/create HTTP/1.1" 500 139 "http://localhost:3000/" "Mozilla/5.0 (Windows NT 10.0; Win64; x64) AppleWebKit/537.36 (KHTML, like Gecko) Chrome/91.0.4472.77 Safari/537.36"
::1 - - [04/Jun/2021:21:17:06 +0000] "POST /api/user/create HTTP/1.1" 500 139 "http://localhost:3000/" "Mozilla/5.0 (Windows NT 10.0; Win64; x64) AppleWebKit/537.36 (KHTML, like Gecko) Chrome/91.0.4472.77 Safari/537.36"
::1 - - [04/Jun/2021:21:19:12 +0000] "POST /api/user/create HTTP/1.1" 201 36 "http://localhost:3000/" "Mozilla/5.0 (Windows NT 10.0; Win64; x64) AppleWebKit/537.36 (KHTML, like Gecko) Chrome/91.0.4472.77 Safari/537.36"
::1 - - [04/Jun/2021:21:20:30 +0000] "POST /api/user/create HTTP/1.1" 500 141 "http://localhost:3000/" "Mozilla/5.0 (Linux; Android 5.0; SM-G900P Build/LRX21T) AppleWebKit/537.36 (KHTML, like Gecko) Chrome/91.0.4472.77 Mobile Safari/537.36"
::1 - - [04/Jun/2021:21:24:54 +0000] "POST /api/user/create HTTP/1.1" 201 49 "http://localhost:3000/" "Mozilla/5.0 (Linux; Android 5.0; SM-G900P Build/LRX21T) AppleWebKit/537.36 (KHTML, like Gecko) Chrome/91.0.4472.77 Mobile Safari/537.36"
::1 - - [04/Jun/2021:21:47:04 +0000] "GET /api/user HTTP/1.1" 200 501 "http://localhost:3000/" "Mozilla/5.0 (Windows NT 10.0; Win64; x64) AppleWebKit/537.36 (KHTML, like Gecko) Chrome/91.0.4472.77 Safari/537.36"
::1 - - [04/Jun/2021:21:47:08 +0000] "GET /api/user HTTP/1.1" 304 - "http://localhost:3000/" "Mozilla/5.0 (Windows NT 10.0; Win64; x64) AppleWebKit/537.36 (KHTML, like Gecko) Chrome/91.0.4472.77 Safari/537.36"
::1 - - [04/Jun/2021:21:51:01 +0000] "GET /api/user HTTP/1.1" 304 - "http://localhost:3000/" "Mozilla/5.0 (Windows NT 10.0; Win64; x64) AppleWebKit/537.36 (KHTML, like Gecko) Chrome/91.0.4472.77 Safari/537.36"
::1 - - [04/Jun/2021:21:51:22 +0000] "GET /api/user HTTP/1.1" 304 - "http://localhost:3000/" "Mozilla/5.0 (Windows NT 10.0; Win64; x64) AppleWebKit/537.36 (KHTML, like Gecko) Chrome/91.0.4472.77 Safari/537.36"
::1 - - [04/Jun/2021:21:53:01 +0000] "GET /api/user HTTP/1.1" 304 - "http://localhost:3000/" "Mozilla/5.0 (Windows NT 10.0; Win64; x64) AppleWebKit/537.36 (KHTML, like Gecko) Chrome/91.0.4472.77 Safari/537.36"
::1 - - [04/Jun/2021:21:53:41 +0000] "GET /api/user HTTP/1.1" 304 - "http://localhost:3000/" "Mozilla/5.0 (Windows NT 10.0; Win64; x64) AppleWebKit/537.36 (KHTML, like Gecko) Chrome/91.0.4472.77 Safari/537.36"
::1 - - [04/Jun/2021:21:55:02 +0000] "GET /api/user HTTP/1.1" 304 - "http://localhost:3000/" "Mozilla/5.0 (Windows NT 10.0; Win64; x64) AppleWebKit/537.36 (KHTML, like Gecko) Chrome/91.0.4472.77 Safari/537.36"
::1 - - [04/Jun/2021:21:55:05 +0000] "GET /api/user HTTP/1.1" 304 - "http://localhost:3000/" "Mozilla/5.0 (Windows NT 10.0; Win64; x64) AppleWebKit/537.36 (KHTML, like Gecko) Chrome/91.0.4472.77 Safari/537.36"
::1 - - [04/Jun/2021:21:55:12 +0000] "GET /api/user HTTP/1.1" 304 - "http://localhost:3000/" "Mozilla/5.0 (Windows NT 10.0; Win64; x64) AppleWebKit/537.36 (KHTML, like Gecko) Chrome/91.0.4472.77 Safari/537.36"
::1 - - [04/Jun/2021:21:55:42 +0000] "GET /api/user HTTP/1.1" 304 - "http://localhost:3000/" "Mozilla/5.0 (Windows NT 10.0; Win64; x64) AppleWebKit/537.36 (KHTML, like Gecko) Chrome/91.0.4472.77 Safari/537.36"
::1 - - [04/Jun/2021:21:55:56 +0000] "GET /api/user HTTP/1.1" 304 - "http://localhost:3000/" "Mozilla/5.0 (Windows NT 10.0; Win64; x64) AppleWebKit/537.36 (KHTML, like Gecko) Chrome/91.0.4472.77 Safari/537.36"
::1 - - [04/Jun/2021:21:56:09 +0000] "GET /api/user HTTP/1.1" 304 - "http://localhost:3000/" "Mozilla/5.0 (Windows NT 10.0; Win64; x64) AppleWebKit/537.36 (KHTML, like Gecko) Chrome/91.0.4472.77 Safari/537.36"
::1 - - [04/Jun/2021:21:57:35 +0000] "GET /api/user HTTP/1.1" 304 - "http://localhost:3000/" "Mozilla/5.0 (Windows NT 10.0; Win64; x64) AppleWebKit/537.36 (KHTML, like Gecko) Chrome/91.0.4472.77 Safari/537.36"
::1 - - [04/Jun/2021:21:57:37 +0000] "GET /api/user HTTP/1.1" 304 - "http://localhost:3000/" "Mozilla/5.0 (Windows NT 10.0; Win64; x64) AppleWebKit/537.36 (KHTML, like Gecko) Chrome/91.0.4472.77 Safari/537.36"
::1 - - [04/Jun/2021:21:57:48 +0000] "GET /api/user HTTP/1.1" 304 - "http://localhost:3000/" "Mozilla/5.0 (Windows NT 10.0; Win64; x64) AppleWebKit/537.36 (KHTML, like Gecko) Chrome/91.0.4472.77 Safari/537.36"
::1 - - [04/Jun/2021:21:58:04 +0000] "GET /api/user HTTP/1.1" 304 - "http://localhost:3000/" "Mozilla/5.0 (Windows NT 10.0; Win64; x64) AppleWebKit/537.36 (KHTML, like Gecko) Chrome/91.0.4472.77 Safari/537.36"
::1 - - [04/Jun/2021:21:58:15 +0000] "GET /api/user HTTP/1.1" 304 - "http://localhost:3000/" "Mozilla/5.0 (Linux; Android 5.0; SM-G900P Build/LRX21T) AppleWebKit/537.36 (KHTML, like Gecko) Chrome/91.0.4472.77 Mobile Safari/537.36"
::1 - - [04/Jun/2021:21:58:20 +0000] "GET /api/user HTTP/1.1" 304 - "http://localhost:3000/" "Mozilla/5.0 (Windows NT 10.0; Win64; x64) AppleWebKit/537.36 (KHTML, like Gecko) Chrome/91.0.4472.77 Safari/537.36"
::1 - - [04/Jun/2021:21:58:24 +0000] "GET /api/user HTTP/1.1" 304 - "http://localhost:3000/" "Mozilla/5.0 (Windows NT 10.0; Win64; x64) AppleWebKit/537.36 (KHTML, like Gecko) Chrome/91.0.4472.77 Safari/537.36"
::1 - - [04/Jun/2021:21:58:28 +0000] "GET /api/user HTTP/1.1" 304 - "http://localhost:3000/" "Mozilla/5.0 (Windows NT 10.0; Win64; x64) AppleWebKit/537.36 (KHTML, like Gecko) Chrome/91.0.4472.77 Safari/537.36"
::1 - - [04/Jun/2021:21:58:30 +0000] "GET /api/user HTTP/1.1" 304 - "http://localhost:3000/" "Mozilla/5.0 (Windows NT 10.0; Win64; x64) AppleWebKit/537.36 (KHTML, like Gecko) Chrome/91.0.4472.77 Safari/537.36"
::1 - - [04/Jun/2021:21:58:52 +0000] "GET /api/user HTTP/1.1" 304 - "http://localhost:3000/" "Mozilla/5.0 (Windows NT 10.0; Win64; x64) AppleWebKit/537.36 (KHTML, like Gecko) Chrome/91.0.4472.77 Safari/537.36"
::1 - - [04/Jun/2021:21:59:51 +0000] "GET /api/user HTTP/1.1" 304 - "http://localhost:3000/" "Mozilla/5.0 (Windows NT 10.0; Win64; x64) AppleWebKit/537.36 (KHTML, like Gecko) Chrome/91.0.4472.77 Safari/537.36"
::1 - - [04/Jun/2021:21:59:56 +0000] "GET /api/user HTTP/1.1" 304 - "http://localhost:3000/" "Mozilla/5.0 (Windows NT 10.0; Win64; x64) AppleWebKit/537.36 (KHTML, like Gecko) Chrome/91.0.4472.77 Safari/537.36"
::1 - - [04/Jun/2021:22:00:06 +0000] "GET /api/user HTTP/1.1" 304 - "http://localhost:3000/" "Mozilla/5.0 (Windows NT 10.0; Win64; x64) AppleWebKit/537.36 (KHTML, like Gecko) Chrome/91.0.4472.77 Safari/537.36"
::1 - - [04/Jun/2021:22:00:19 +0000] "GET /api/user HTTP/1.1" 304 - "http://localhost:3000/" "Mozilla/5.0 (Windows NT 10.0; Win64; x64) AppleWebKit/537.36 (KHTML, like Gecko) Chrome/91.0.4472.77 Safari/537.36"
::1 - - [04/Jun/2021:22:01:13 +0000] "GET /api/user HTTP/1.1" 304 - "http://localhost:3000/" "Mozilla/5.0 (Windows NT 10.0; Win64; x64) AppleWebKit/537.36 (KHTML, like Gecko) Chrome/91.0.4472.77 Safari/537.36"
::1 - - [04/Jun/2021:22:01:15 +0000] "GET /api/user HTTP/1.1" 304 - "http://localhost:3000/" "Mozilla/5.0 (Windows NT 10.0; Win64; x64) AppleWebKit/537.36 (KHTML, like Gecko) Chrome/91.0.4472.77 Safari/537.36"
::1 - - [04/Jun/2021:22:01:42 +0000] "GET /api/user HTTP/1.1" 304 - "http://localhost:3000/" "Mozilla/5.0 (Windows NT 10.0; Win64; x64) AppleWebKit/537.36 (KHTML, like Gecko) Chrome/91.0.4472.77 Safari/537.36"
::1 - - [04/Jun/2021:22:02:14 +0000] "GET /api/user HTTP/1.1" 304 - "http://localhost:3000/" "Mozilla/5.0 (Windows NT 10.0; Win64; x64) AppleWebKit/537.36 (KHTML, like Gecko) Chrome/91.0.4472.77 Safari/537.36"
::1 - - [04/Jun/2021:22:02:25 +0000] "GET /api/user HTTP/1.1" 304 - "http://localhost:3000/" "Mozilla/5.0 (Linux; Android 5.0; SM-G900P Build/LRX21T) AppleWebKit/537.36 (KHTML, like Gecko) Chrome/91.0.4472.77 Mobile Safari/537.36"
::1 - - [04/Jun/2021:22:02:28 +0000] "GET /api/user HTTP/1.1" 304 - "http://localhost:3000/" "Mozilla/5.0 (Linux; Android 5.0; SM-G900P Build/LRX21T) AppleWebKit/537.36 (KHTML, like Gecko) Chrome/91.0.4472.77 Mobile Safari/537.36"
::1 - - [04/Jun/2021:22:02:31 +0000] "GET /api/user HTTP/1.1" 304 - "http://localhost:3000/" "Mozilla/5.0 (Windows NT 10.0; Win64; x64) AppleWebKit/537.36 (KHTML, like Gecko) Chrome/91.0.4472.77 Safari/537.36"
::1 - - [04/Jun/2021:22:02:37 +0000] "GET /api/user HTTP/1.1" 304 - "http://localhost:3000/" "Mozilla/5.0 (Windows NT 10.0; Win64; x64) AppleWebKit/537.36 (KHTML, like Gecko) Chrome/91.0.4472.77 Safari/537.36"
::1 - - [04/Jun/2021:22:02:45 +0000] "GET /api/user HTTP/1.1" 304 - "http://localhost:3000/" "Mozilla/5.0 (Windows NT 10.0; Win64; x64) AppleWebKit/537.36 (KHTML, like Gecko) Chrome/91.0.4472.77 Safari/537.36"
::1 - - [04/Jun/2021:22:02:51 +0000] "GET /api/user HTTP/1.1" 304 - "http://localhost:3000/" "Mozilla/5.0 (Windows NT 10.0; Win64; x64) AppleWebKit/537.36 (KHTML, like Gecko) Chrome/91.0.4472.77 Safari/537.36"
::1 - - [04/Jun/2021:22:03:17 +0000] "GET /api/user HTTP/1.1" 304 - "http://localhost:3000/" "Mozilla/5.0 (Windows NT 10.0; Win64; x64) AppleWebKit/537.36 (KHTML, like Gecko) Chrome/91.0.4472.77 Safari/537.36"
::1 - - [04/Jun/2021:22:03:59 +0000] "GET /api/user HTTP/1.1" 304 - "http://localhost:3000/" "Mozilla/5.0 (Windows NT 10.0; Win64; x64) AppleWebKit/537.36 (KHTML, like Gecko) Chrome/91.0.4472.77 Safari/537.36"
::1 - - [04/Jun/2021:22:04:14 +0000] "GET /api/user HTTP/1.1" 304 - "http://localhost:3000/" "Mozilla/5.0 (Windows NT 10.0; Win64; x64) AppleWebKit/537.36 (KHTML, like Gecko) Chrome/91.0.4472.77 Safari/537.36"
::1 - - [04/Jun/2021:22:04:19 +0000] "GET /api/user HTTP/1.1" 304 - "http://localhost:3000/" "Mozilla/5.0 (Windows NT 10.0; Win64; x64) AppleWebKit/537.36 (KHTML, like Gecko) Chrome/91.0.4472.77 Safari/537.36"
::1 - - [04/Jun/2021:22:04:39 +0000] "GET /api/user HTTP/1.1" 304 - "http://localhost:3000/" "Mozilla/5.0 (Windows NT 10.0; Win64; x64) AppleWebKit/537.36 (KHTML, like Gecko) Chrome/91.0.4472.77 Safari/537.36"
::1 - - [04/Jun/2021:22:04:45 +0000] "GET /api/user HTTP/1.1" 304 - "http://localhost:3000/" "Mozilla/5.0 (Windows NT 10.0; Win64; x64) AppleWebKit/537.36 (KHTML, like Gecko) Chrome/91.0.4472.77 Safari/537.36"
::1 - - [04/Jun/2021:22:04:52 +0000] "GET /api/user HTTP/1.1" 304 - "http://localhost:3000/" "Mozilla/5.0 (Windows NT 10.0; Win64; x64) AppleWebKit/537.36 (KHTML, like Gecko) Chrome/91.0.4472.77 Safari/537.36"
::1 - - [05/Jun/2021:09:28:46 +0000] "GET /api/user HTTP/1.1" 304 - "http://localhost:3000/" "Mozilla/5.0 (Windows NT 10.0; Win64; x64) AppleWebKit/537.36 (KHTML, like Gecko) Chrome/91.0.4472.77 Safari/537.36"
::1 - - [05/Jun/2021:09:30:33 +0000] "GET /api/user HTTP/1.1" 304 - "http://localhost:3000/" "Mozilla/5.0 (Windows NT 10.0; Win64; x64) AppleWebKit/537.36 (KHTML, like Gecko) Chrome/91.0.4472.77 Safari/537.36"
::1 - - [05/Jun/2021:09:37:37 +0000] "GET /api/user HTTP/1.1" 304 - "http://localhost:3000/" "Mozilla/5.0 (Windows NT 10.0; Win64; x64) AppleWebKit/537.36 (KHTML, like Gecko) Chrome/91.0.4472.77 Safari/537.36"
::1 - - [05/Jun/2021:09:38:27 +0000] "GET /api/user HTTP/1.1" 304 - "http://localhost:3000/" "Mozilla/5.0 (Windows NT 10.0; Win64; x64) AppleWebKit/537.36 (KHTML, like Gecko) Chrome/91.0.4472.77 Safari/537.36"
::1 - - [05/Jun/2021:09:38:29 +0000] "GET /api/user HTTP/1.1" 304 - "http://localhost:3000/" "Mozilla/5.0 (Windows NT 10.0; Win64; x64) AppleWebKit/537.36 (KHTML, like Gecko) Chrome/91.0.4472.77 Safari/537.36"
::1 - - [05/Jun/2021:09:38:30 +0000] "GET /api/user HTTP/1.1" 304 - "http://localhost:3000/" "Mozilla/5.0 (Windows NT 10.0; Win64; x64) AppleWebKit/537.36 (KHTML, like Gecko) Chrome/91.0.4472.77 Safari/537.36"
::1 - - [05/Jun/2021:09:39:50 +0000] "GET /api/user HTTP/1.1" 304 - "http://localhost:3000/" "Mozilla/5.0 (Windows NT 10.0; Win64; x64) AppleWebKit/537.36 (KHTML, like Gecko) Chrome/91.0.4472.77 Safari/537.36"
::1 - - [05/Jun/2021:09:40:00 +0000] "GET /api/user HTTP/1.1" 304 - "http://localhost:3000/" "Mozilla/5.0 (Windows NT 10.0; Win64; x64) AppleWebKit/537.36 (KHTML, like Gecko) Chrome/91.0.4472.77 Safari/537.36"
::1 - - [05/Jun/2021:09:47:30 +0000] "GET /api/user HTTP/1.1" 304 - "http://localhost:3000/" "Mozilla/5.0 (Windows NT 10.0; Win64; x64) AppleWebKit/537.36 (KHTML, like Gecko) Chrome/91.0.4472.77 Safari/537.36"
::1 - - [05/Jun/2021:09:49:09 +0000] "GET /api/user HTTP/1.1" 304 - "http://localhost:3000/" "Mozilla/5.0 (Windows NT 10.0; Win64; x64) AppleWebKit/537.36 (KHTML, like Gecko) Chrome/91.0.4472.77 Safari/537.36"
::1 - - [05/Jun/2021:09:49:39 +0000] "GET /api/user HTTP/1.1" 304 - "http://localhost:3000/" "Mozilla/5.0 (Windows NT 10.0; Win64; x64) AppleWebKit/537.36 (KHTML, like Gecko) Chrome/91.0.4472.77 Safari/537.36"
::1 - - [05/Jun/2021:09:49:51 +0000] "GET /api/user HTTP/1.1" 304 - "http://localhost:3000/" "Mozilla/5.0 (Windows NT 10.0; Win64; x64) AppleWebKit/537.36 (KHTML, like Gecko) Chrome/91.0.4472.77 Safari/537.36"
::1 - - [05/Jun/2021:09:49:53 +0000] "GET /api/user HTTP/1.1" 304 - "http://localhost:3000/" "Mozilla/5.0 (Windows NT 10.0; Win64; x64) AppleWebKit/537.36 (KHTML, like Gecko) Chrome/91.0.4472.77 Safari/537.36"
::1 - - [05/Jun/2021:09:50:11 +0000] "GET /api/user HTTP/1.1" 304 - "http://localhost:3000/" "Mozilla/5.0 (Windows NT 10.0; Win64; x64) AppleWebKit/537.36 (KHTML, like Gecko) Chrome/91.0.4472.77 Safari/537.36"
::1 - - [05/Jun/2021:09:50:13 +0000] "DELETE /api/user/delete/60ba889875c46f4104006611 HTTP/1.1" 200 32 "http://localhost:3000/" "Mozilla/5.0 (Windows NT 10.0; Win64; x64) AppleWebKit/537.36 (KHTML, like Gecko) Chrome/91.0.4472.77 Safari/537.36"
::1 - - [05/Jun/2021:09:50:24 +0000] "GET /api/user HTTP/1.1" 200 316 "http://localhost:3000/" "Mozilla/5.0 (Windows NT 10.0; Win64; x64) AppleWebKit/537.36 (KHTML, like Gecko) Chrome/91.0.4472.77 Safari/537.36"
::1 - - [05/Jun/2021:09:50:26 +0000] "GET /api/user HTTP/1.1" 304 - "http://localhost:3000/" "Mozilla/5.0 (Windows NT 10.0; Win64; x64) AppleWebKit/537.36 (KHTML, like Gecko) Chrome/91.0.4472.77 Safari/537.36"
::1 - - [05/Jun/2021:09:51:08 +0000] "GET /api/user HTTP/1.1" 304 - "http://localhost:3000/" "Mozilla/5.0 (Windows NT 10.0; Win64; x64) AppleWebKit/537.36 (KHTML, like Gecko) Chrome/91.0.4472.77 Safari/537.36"
::1 - - [05/Jun/2021:09:51:11 +0000] "GET /api/user HTTP/1.1" 304 - "http://localhost:3000/" "Mozilla/5.0 (Windows NT 10.0; Win64; x64) AppleWebKit/537.36 (KHTML, like Gecko) Chrome/91.0.4472.77 Safari/537.36"
::1 - - [05/Jun/2021:09:51:13 +0000] "DELETE /api/user/delete/60ba897975c46f4104006613 HTTP/1.1" 200 32 "http://localhost:3000/" "Mozilla/5.0 (Windows NT 10.0; Win64; x64) AppleWebKit/537.36 (KHTML, like Gecko) Chrome/91.0.4472.77 Safari/537.36"
::1 - - [05/Jun/2021:09:51:28 +0000] "GET /api/user HTTP/1.1" 200 163 "http://localhost:3000/" "Mozilla/5.0 (Windows NT 10.0; Win64; x64) AppleWebKit/537.36 (KHTML, like Gecko) Chrome/91.0.4472.77 Safari/537.36"
::1 - - [05/Jun/2021:09:51:29 +0000] "GET /api/user HTTP/1.1" 304 - "http://localhost:3000/" "Mozilla/5.0 (Windows NT 10.0; Win64; x64) AppleWebKit/537.36 (KHTML, like Gecko) Chrome/91.0.4472.77 Safari/537.36"
::1 - - [05/Jun/2021:09:51:31 +0000] "GET /api/user HTTP/1.1" 304 - "http://localhost:3000/" "Mozilla/5.0 (Windows NT 10.0; Win64; x64) AppleWebKit/537.36 (KHTML, like Gecko) Chrome/91.0.4472.77 Safari/537.36"
::1 - - [05/Jun/2021:09:52:28 +0000] "GET /api/user HTTP/1.1" 304 - "http://localhost:3000/" "Mozilla/5.0 (Windows NT 10.0; Win64; x64) AppleWebKit/537.36 (KHTML, like Gecko) Chrome/91.0.4472.77 Safari/537.36"
::1 - - [05/Jun/2021:09:52:29 +0000] "GET /api/user HTTP/1.1" 304 - "http://localhost:3000/" "Mozilla/5.0 (Windows NT 10.0; Win64; x64) AppleWebKit/537.36 (KHTML, like Gecko) Chrome/91.0.4472.77 Safari/537.36"
::1 - - [05/Jun/2021:09:52:31 +0000] "GET /api/user HTTP/1.1" 304 - "http://localhost:3000/" "Mozilla/5.0 (Windows NT 10.0; Win64; x64) AppleWebKit/537.36 (KHTML, like Gecko) Chrome/91.0.4472.77 Safari/537.36"
::1 - - [05/Jun/2021:09:52:32 +0000] "DELETE /api/user/delete/60ba98d075c46f410400661e HTTP/1.1" 200 32 "http://localhost:3000/" "Mozilla/5.0 (Windows NT 10.0; Win64; x64) AppleWebKit/537.36 (KHTML, like Gecko) Chrome/91.0.4472.77 Safari/537.36"
::1 - - [05/Jun/2021:09:52:37 +0000] "GET /api/user HTTP/1.1" 200 2 "http://localhost:3000/" "Mozilla/5.0 (Windows NT 10.0; Win64; x64) AppleWebKit/537.36 (KHTML, like Gecko) Chrome/91.0.4472.77 Safari/537.36"
::1 - - [05/Jun/2021:09:52:40 +0000] "GET /api/user HTTP/1.1" 304 - "http://localhost:3000/" "Mozilla/5.0 (Windows NT 10.0; Win64; x64) AppleWebKit/537.36 (KHTML, like Gecko) Chrome/91.0.4472.77 Safari/537.36"
::1 - - [05/Jun/2021:10:32:36 +0000] "GET /api/user HTTP/1.1" 304 - "http://localhost:3000/" "Mozilla/5.0 (Windows NT 10.0; Win64; x64) AppleWebKit/537.36 (KHTML, like Gecko) Chrome/91.0.4472.77 Safari/537.36"
::1 - - [05/Jun/2021:10:33:03 +0000] "POST /api/user/create HTTP/1.1" 201 49 "http://localhost:3000/" "Mozilla/5.0 (Windows NT 10.0; Win64; x64) AppleWebKit/537.36 (KHTML, like Gecko) Chrome/91.0.4472.77 Safari/537.36"
::1 - - [05/Jun/2021:10:34:03 +0000] "POST /api/user/create HTTP/1.1" 201 49 "http://localhost:3000/" "Mozilla/5.0 (Windows NT 10.0; Win64; x64) AppleWebKit/537.36 (KHTML, like Gecko) Chrome/91.0.4472.77 Safari/537.36"
::1 - - [05/Jun/2021:10:34:20 +0000] "POST /api/user/create HTTP/1.1" 201 49 "http://localhost:3000/" "Mozilla/5.0 (Windows NT 10.0; Win64; x64) AppleWebKit/537.36 (KHTML, like Gecko) Chrome/91.0.4472.77 Safari/537.36"
::1 - - [05/Jun/2021:10:35:02 +0000] "POST /api/user/create HTTP/1.1" 201 49 "http://localhost:3000/" "Mozilla/5.0 (Windows NT 10.0; Win64; x64) AppleWebKit/537.36 (KHTML, like Gecko) Chrome/91.0.4472.77 Safari/537.36"
::1 - - [05/Jun/2021:10:35:25 +0000] "POST /api/user/create HTTP/1.1" 201 49 "http://localhost:3000/" "Mozilla/5.0 (Windows NT 10.0; Win64; x64) AppleWebKit/537.36 (KHTML, like Gecko) Chrome/91.0.4472.77 Safari/537.36"
::1 - - [05/Jun/2021:10:36:04 +0000] "POST /api/user/create HTTP/1.1" 201 36 "http://localhost:3000/" "Mozilla/5.0 (Windows NT 10.0; Win64; x64) AppleWebKit/537.36 (KHTML, like Gecko) Chrome/91.0.4472.77 Safari/537.36"
::1 - - [05/Jun/2021:10:36:10 +0000] "POST /api/user/create HTTP/1.1" 500 139 "http://localhost:3000/" "Mozilla/5.0 (Windows NT 10.0; Win64; x64) AppleWebKit/537.36 (KHTML, like Gecko) Chrome/91.0.4472.77 Safari/537.36"
::1 - - [05/Jun/2021:10:36:35 +0000] "POST /api/user/create HTTP/1.1" 500 139 "http://localhost:3000/" "Mozilla/5.0 (Windows NT 10.0; Win64; x64) AppleWebKit/537.36 (KHTML, like Gecko) Chrome/91.0.4472.77 Safari/537.36"
::1 - - [05/Jun/2021:10:37:01 +0000] "POST /api/user/create HTTP/1.1" 500 139 "http://localhost:3000/" "Mozilla/5.0 (Windows NT 10.0; Win64; x64) AppleWebKit/537.36 (KHTML, like Gecko) Chrome/91.0.4472.77 Safari/537.36"
::1 - - [05/Jun/2021:10:37:44 +0000] "POST /api/user/create HTTP/1.1" 201 49 "http://localhost:3000/" "Mozilla/5.0 (Windows NT 10.0; Win64; x64) AppleWebKit/537.36 (KHTML, like Gecko) Chrome/91.0.4472.77 Safari/537.36"
::1 - - [05/Jun/2021:10:38:02 +0000] "POST /api/user/create HTTP/1.1" 201 36 "http://localhost:3000/" "Mozilla/5.0 (Windows NT 10.0; Win64; x64) AppleWebKit/537.36 (KHTML, like Gecko) Chrome/91.0.4472.77 Safari/537.36"
::1 - - [05/Jun/2021:10:38:13 +0000] "GET /api/user HTTP/1.1" 200 180 "http://localhost:3000/" "Mozilla/5.0 (Windows NT 10.0; Win64; x64) AppleWebKit/537.36 (KHTML, like Gecko) Chrome/91.0.4472.77 Safari/537.36"
::1 - - [05/Jun/2021:10:39:01 +0000] "POST /api/user/create HTTP/1.1" 201 49 "http://localhost:3000/" "Mozilla/5.0 (Windows NT 10.0; Win64; x64) AppleWebKit/537.36 (KHTML, like Gecko) Chrome/91.0.4472.77 Safari/537.36"
::1 - - [05/Jun/2021:10:39:06 +0000] "POST /api/user/create HTTP/1.1" 201 36 "http://localhost:3000/" "Mozilla/5.0 (Windows NT 10.0; Win64; x64) AppleWebKit/537.36 (KHTML, like Gecko) Chrome/91.0.4472.77 Safari/537.36"
::1 - - [05/Jun/2021:10:39:12 +0000] "GET /api/user HTTP/1.1" 200 335 "http://localhost:3000/" "Mozilla/5.0 (Windows NT 10.0; Win64; x64) AppleWebKit/537.36 (KHTML, like Gecko) Chrome/91.0.4472.77 Safari/537.36"
::1 - - [05/Jun/2021:10:39:19 +0000] "GET /api/user HTTP/1.1" 304 - "http://localhost:3000/" "Mozilla/5.0 (Windows NT 10.0; Win64; x64) AppleWebKit/537.36 (KHTML, like Gecko) Chrome/91.0.4472.77 Safari/537.36"
::1 - - [05/Jun/2021:10:39:20 +0000] "GET /api/user HTTP/1.1" 304 - "http://localhost:3000/" "Mozilla/5.0 (Windows NT 10.0; Win64; x64) AppleWebKit/537.36 (KHTML, like Gecko) Chrome/91.0.4472.77 Safari/537.36"
::1 - - [05/Jun/2021:10:39:23 +0000] "GET /api/user HTTP/1.1" 304 - "http://localhost:3000/" "Mozilla/5.0 (Windows NT 10.0; Win64; x64) AppleWebKit/537.36 (KHTML, like Gecko) Chrome/91.0.4472.77 Safari/537.36"
::1 - - [05/Jun/2021:10:39:28 +0000] "GET /api/user HTTP/1.1" 304 - "http://localhost:3000/" "Mozilla/5.0 (Windows NT 10.0; Win64; x64) AppleWebKit/537.36 (KHTML, like Gecko) Chrome/91.0.4472.77 Safari/537.36"
::1 - - [05/Jun/2021:10:39:51 +0000] "GET /api/user HTTP/1.1" 304 - "http://localhost:3000/" "Mozilla/5.0 (Windows NT 10.0; Win64; x64) AppleWebKit/537.36 (KHTML, like Gecko) Chrome/91.0.4472.77 Safari/537.36"
::1 - - [05/Jun/2021:10:40:08 +0000] "GET /api/user HTTP/1.1" 304 - "http://localhost:3000/" "Mozilla/5.0 (Windows NT 10.0; Win64; x64) AppleWebKit/537.36 (KHTML, like Gecko) Chrome/91.0.4472.77 Safari/537.36"
::1 - - [05/Jun/2021:10:40:14 +0000] "GET /api/user HTTP/1.1" 304 - "http://localhost:3000/" "Mozilla/5.0 (Windows NT 10.0; Win64; x64) AppleWebKit/537.36 (KHTML, like Gecko) Chrome/91.0.4472.77 Safari/537.36"
::1 - - [05/Jun/2021:10:40:53 +0000] "POST /api/user/create HTTP/1.1" 201 36 "http://localhost:3000/" "Mozilla/5.0 (Windows NT 10.0; Win64; x64) AppleWebKit/537.36 (KHTML, like Gecko) Chrome/91.0.4472.77 Safari/537.36"
::1 - - [05/Jun/2021:10:41:06 +0000] "GET /api/user HTTP/1.1" 200 496 "http://localhost:3000/" "Mozilla/5.0 (Windows NT 10.0; Win64; x64) AppleWebKit/537.36 (KHTML, like Gecko) Chrome/91.0.4472.77 Safari/537.36"
::1 - - [05/Jun/2021:10:42:30 +0000] "GET /api/user HTTP/1.1" 304 - "http://localhost:3000/" "Mozilla/5.0 (Windows NT 10.0; Win64; x64) AppleWebKit/537.36 (KHTML, like Gecko) Chrome/91.0.4472.77 Safari/537.36"
::1 - - [05/Jun/2021:10:43:17 +0000] "POST /api/user/create HTTP/1.1" 201 36 "http://localhost:3000/" "Mozilla/5.0 (Windows NT 10.0; Win64; x64) AppleWebKit/537.36 (KHTML, like Gecko) Chrome/91.0.4472.77 Safari/537.36"
::1 - - [05/Jun/2021:10:43:19 +0000] "GET /api/user HTTP/1.1" 200 655 "http://localhost:3000/" "Mozilla/5.0 (Windows NT 10.0; Win64; x64) AppleWebKit/537.36 (KHTML, like Gecko) Chrome/91.0.4472.77 Safari/537.36"
::1 - - [05/Jun/2021:10:46:02 +0000] "GET /api/user HTTP/1.1" 304 - "http://localhost:3000/" "Mozilla/5.0 (Windows NT 10.0; Win64; x64) AppleWebKit/537.36 (KHTML, like Gecko) Chrome/91.0.4472.77 Safari/537.36"
::1 - - [05/Jun/2021:10:46:05 +0000] "GET /api/user HTTP/1.1" 304 - "http://localhost:3000/" "Mozilla/5.0 (Windows NT 10.0; Win64; x64) AppleWebKit/537.36 (KHTML, like Gecko) Chrome/91.0.4472.77 Safari/537.36"
::1 - - [05/Jun/2021:10:46:08 +0000] "GET /api/user HTTP/1.1" 304 - "http://localhost:3000/" "Mozilla/5.0 (Windows NT 10.0; Win64; x64) AppleWebKit/537.36 (KHTML, like Gecko) Chrome/91.0.4472.77 Safari/537.36"
::1 - - [05/Jun/2021:10:46:11 +0000] "DELETE /api/user/delete/60bb5545cbe9712918be658c HTTP/1.1" 200 32 "http://localhost:3000/" "Mozilla/5.0 (Windows NT 10.0; Win64; x64) AppleWebKit/537.36 (KHTML, like Gecko) Chrome/91.0.4472.77 Safari/537.36"
::1 - - [05/Jun/2021:10:46:34 +0000] "GET /api/user HTTP/1.1" 200 496 "http://localhost:3000/" "Mozilla/5.0 (Windows NT 10.0; Win64; x64) AppleWebKit/537.36 (KHTML, like Gecko) Chrome/91.0.4472.77 Safari/537.36"
::1 - - [05/Jun/2021:10:46:38 +0000] "GET /api/user HTTP/1.1" 304 - "http://localhost:3000/" "Mozilla/5.0 (Windows NT 10.0; Win64; x64) AppleWebKit/537.36 (KHTML, like Gecko) Chrome/91.0.4472.77 Safari/537.36"
::1 - - [05/Jun/2021:10:46:40 +0000] "DELETE /api/user/delete/60bb54b5cbe9712918be658b HTTP/1.1" 200 32 "http://localhost:3000/" "Mozilla/5.0 (Windows NT 10.0; Win64; x64) AppleWebKit/537.36 (KHTML, like Gecko) Chrome/91.0.4472.77 Safari/537.36"
::1 - - [05/Jun/2021:10:48:58 +0000] "GET /api/user HTTP/1.1" 200 335 "http://localhost:3000/" "Mozilla/5.0 (Windows NT 10.0; Win64; x64) AppleWebKit/537.36 (KHTML, like Gecko) Chrome/91.0.4472.77 Safari/537.36"
::1 - - [05/Jun/2021:10:49:40 +0000] "GET /api/user HTTP/1.1" 304 - "http://localhost:3000/" "Mozilla/5.0 (Windows NT 10.0; Win64; x64) AppleWebKit/537.36 (KHTML, like Gecko) Chrome/91.0.4472.77 Safari/537.36"
::1 - - [05/Jun/2021:10:49:42 +0000] "DELETE /api/user/delete/60bb544acbe9712918be658a HTTP/1.1" 200 32 "http://localhost:3000/" "Mozilla/5.0 (Windows NT 10.0; Win64; x64) AppleWebKit/537.36 (KHTML, like Gecko) Chrome/91.0.4472.77 Safari/537.36"
::1 - - [05/Jun/2021:10:50:07 +0000] "GET /api/user HTTP/1.1" 200 180 "http://localhost:3000/" "Mozilla/5.0 (Windows NT 10.0; Win64; x64) AppleWebKit/537.36 (KHTML, like Gecko) Chrome/91.0.4472.77 Safari/537.36"
::1 - - [05/Jun/2021:10:50:11 +0000] "GET /api/user HTTP/1.1" 304 - "http://localhost:3000/" "Mozilla/5.0 (Windows NT 10.0; Win64; x64) AppleWebKit/537.36 (KHTML, like Gecko) Chrome/91.0.4472.77 Safari/537.36"
::1 - - [05/Jun/2021:10:50:22 +0000] "GET /api/user HTTP/1.1" 304 - "http://localhost:3000/" "Mozilla/5.0 (Windows NT 10.0; Win64; x64) AppleWebKit/537.36 (KHTML, like Gecko) Chrome/91.0.4472.77 Safari/537.36"
::1 - - [05/Jun/2021:10:50:50 +0000] "GET /api/user HTTP/1.1" 304 - "http://localhost:3000/" "Mozilla/5.0 (Windows NT 10.0; Win64; x64) AppleWebKit/537.36 (KHTML, like Gecko) Chrome/91.0.4472.77 Safari/537.36"
::1 - - [05/Jun/2021:10:50:54 +0000] "GET /api/user HTTP/1.1" 304 - "http://localhost:3000/" "Mozilla/5.0 (Windows NT 10.0; Win64; x64) AppleWebKit/537.36 (KHTML, like Gecko) Chrome/91.0.4472.77 Safari/537.36"
::1 - - [05/Jun/2021:10:50:55 +0000] "GET /api/user HTTP/1.1" 304 - "http://localhost:3000/" "Mozilla/5.0 (Windows NT 10.0; Win64; x64) AppleWebKit/537.36 (KHTML, like Gecko) Chrome/91.0.4472.77 Safari/537.36"
::1 - - [05/Jun/2021:10:51:16 +0000] "GET /api/user HTTP/1.1" 304 - "http://localhost:3000/" "Mozilla/5.0 (Windows NT 10.0; Win64; x64) AppleWebKit/537.36 (KHTML, like Gecko) Chrome/91.0.4472.77 Safari/537.36"
::1 - - [05/Jun/2021:10:51:18 +0000] "GET /api/user HTTP/1.1" 304 - "http://localhost:3000/" "Mozilla/5.0 (Windows NT 10.0; Win64; x64) AppleWebKit/537.36 (KHTML, like Gecko) Chrome/91.0.4472.77 Safari/537.36"
::1 - - [05/Jun/2021:10:51:23 +0000] "GET /api/user HTTP/1.1" 304 - "http://localhost:3000/" "Mozilla/5.0 (Windows NT 10.0; Win64; x64) AppleWebKit/537.36 (KHTML, like Gecko) Chrome/91.0.4472.77 Safari/537.36"
::1 - - [05/Jun/2021:10:51:31 +0000] "GET /api/user HTTP/1.1" 304 - "http://localhost:3000/" "Mozilla/5.0 (Windows NT 10.0; Win64; x64) AppleWebKit/537.36 (KHTML, like Gecko) Chrome/91.0.4472.77 Safari/537.36"
::1 - - [05/Jun/2021:10:51:32 +0000] "GET /api/user HTTP/1.1" 304 - "http://localhost:3000/" "Mozilla/5.0 (Windows NT 10.0; Win64; x64) AppleWebKit/537.36 (KHTML, like Gecko) Chrome/91.0.4472.77 Safari/537.36"
::1 - - [05/Jun/2021:10:51:41 +0000] "GET /api/user HTTP/1.1" 304 - "http://localhost:3000/" "Mozilla/5.0 (Windows NT 10.0; Win64; x64) AppleWebKit/537.36 (KHTML, like Gecko) Chrome/91.0.4472.77 Safari/537.36"
::1 - - [05/Jun/2021:10:51:52 +0000] "GET /api/user HTTP/1.1" 304 - "http://localhost:3000/" "Mozilla/5.0 (Windows NT 10.0; Win64; x64) AppleWebKit/537.36 (KHTML, like Gecko) Chrome/91.0.4472.77 Safari/537.36"
::1 - - [05/Jun/2021:10:52:06 +0000] "GET /api/user HTTP/1.1" 304 - "http://localhost:3000/" "Mozilla/5.0 (Windows NT 10.0; Win64; x64) AppleWebKit/537.36 (KHTML, like Gecko) Chrome/91.0.4472.77 Safari/537.36"
::1 - - [05/Jun/2021:10:52:07 +0000] "GET /api/user HTTP/1.1" 304 - "http://localhost:3000/" "Mozilla/5.0 (Windows NT 10.0; Win64; x64) AppleWebKit/537.36 (KHTML, like Gecko) Chrome/91.0.4472.77 Safari/537.36"
::1 - - [05/Jun/2021:10:52:09 +0000] "GET /api/user HTTP/1.1" 304 - "http://localhost:3000/" "Mozilla/5.0 (Windows NT 10.0; Win64; x64) AppleWebKit/537.36 (KHTML, like Gecko) Chrome/91.0.4472.77 Safari/537.36"
::1 - - [05/Jun/2021:10:52:30 +0000] "GET /api/user HTTP/1.1" 304 - "http://localhost:3000/" "Mozilla/5.0 (Windows NT 10.0; Win64; x64) AppleWebKit/537.36 (KHTML, like Gecko) Chrome/91.0.4472.77 Safari/537.36"
::1 - - [05/Jun/2021:10:52:31 +0000] "GET /api/user HTTP/1.1" 304 - "http://localhost:3000/" "Mozilla/5.0 (Windows NT 10.0; Win64; x64) AppleWebKit/537.36 (KHTML, like Gecko) Chrome/91.0.4472.77 Safari/537.36"
::1 - - [05/Jun/2021:10:52:32 +0000] "GET /api/user HTTP/1.1" 304 - "http://localhost:3000/" "Mozilla/5.0 (Windows NT 10.0; Win64; x64) AppleWebKit/537.36 (KHTML, like Gecko) Chrome/91.0.4472.77 Safari/537.36"
::1 - - [05/Jun/2021:10:52:51 +0000] "POST /api/user/create HTTP/1.1" 201 36 "http://localhost:3000/" "Mozilla/5.0 (Windows NT 10.0; Win64; x64) AppleWebKit/537.36 (KHTML, like Gecko) Chrome/91.0.4472.77 Safari/537.36"
::1 - - [05/Jun/2021:10:53:49 +0000] "GET /api/user HTTP/1.1" 200 323 "http://localhost:3000/" "Mozilla/5.0 (Windows NT 10.0; Win64; x64) AppleWebKit/537.36 (KHTML, like Gecko) Chrome/91.0.4472.77 Safari/537.36"
::1 - - [05/Jun/2021:10:54:12 +0000] "POST /api/user/create HTTP/1.1" 201 36 "http://localhost:3000/" "Mozilla/5.0 (Windows NT 10.0; Win64; x64) AppleWebKit/537.36 (KHTML, like Gecko) Chrome/91.0.4472.77 Safari/537.36"
::1 - - [05/Jun/2021:10:54:14 +0000] "GET /api/user HTTP/1.1" 200 479 "http://localhost:3000/" "Mozilla/5.0 (Windows NT 10.0; Win64; x64) AppleWebKit/537.36 (KHTML, like Gecko) Chrome/91.0.4472.77 Safari/537.36"
::1 - - [05/Jun/2021:10:54:22 +0000] "GET /api/user HTTP/1.1" 304 - "http://localhost:3000/" "Mozilla/5.0 (Windows NT 10.0; Win64; x64) AppleWebKit/537.36 (KHTML, like Gecko) Chrome/91.0.4472.77 Safari/537.36"
::1 - - [05/Jun/2021:10:54:23 +0000] "DELETE /api/user/delete/60bb57d4cbe9712918be658e HTTP/1.1" 200 32 "http://localhost:3000/" "Mozilla/5.0 (Windows NT 10.0; Win64; x64) AppleWebKit/537.36 (KHTML, like Gecko) Chrome/91.0.4472.77 Safari/537.36"
::1 - - [05/Jun/2021:10:54:36 +0000] "GET /api/user HTTP/1.1" 200 323 "http://localhost:3000/" "Mozilla/5.0 (Windows NT 10.0; Win64; x64) AppleWebKit/537.36 (KHTML, like Gecko) Chrome/91.0.4472.77 Safari/537.36"
::1 - - [05/Jun/2021:10:54:40 +0000] "DELETE /api/user/delete/60bb5783cbe9712918be658d HTTP/1.1" 200 32 "http://localhost:3000/" "Mozilla/5.0 (Windows NT 10.0; Win64; x64) AppleWebKit/537.36 (KHTML, like Gecko) Chrome/91.0.4472.77 Safari/537.36"
::1 - - [05/Jun/2021:10:54:51 +0000] "GET /api/user HTTP/1.1" 200 180 "http://localhost:3000/" "Mozilla/5.0 (Windows NT 10.0; Win64; x64) AppleWebKit/537.36 (KHTML, like Gecko) Chrome/91.0.4472.77 Safari/537.36"
::1 - - [05/Jun/2021:10:55:04 +0000] "GET /api/user HTTP/1.1" 304 - "http://localhost:3000/" "Mozilla/5.0 (Windows NT 10.0; Win64; x64) AppleWebKit/537.36 (KHTML, like Gecko) Chrome/91.0.4472.77 Safari/537.36"
::1 - - [05/Jun/2021:10:55:05 +0000] "GET /api/user HTTP/1.1" 304 - "http://localhost:3000/" "Mozilla/5.0 (Windows NT 10.0; Win64; x64) AppleWebKit/537.36 (KHTML, like Gecko) Chrome/91.0.4472.77 Safari/537.36"
::1 - - [05/Jun/2021:10:55:42 +0000] "GET /api/user HTTP/1.1" 304 - "http://localhost:3000/" "Mozilla/5.0 (Windows NT 10.0; Win64; x64) AppleWebKit/537.36 (KHTML, like Gecko) Chrome/91.0.4472.77 Safari/537.36"
::1 - - [05/Jun/2021:10:55:42 +0000] "GET /api/user HTTP/1.1" 304 - "http://localhost:3000/" "Mozilla/5.0 (Windows NT 10.0; Win64; x64) AppleWebKit/537.36 (KHTML, like Gecko) Chrome/91.0.4472.77 Safari/537.36"
::1 - - [05/Jun/2021:10:55:43 +0000] "GET /api/user HTTP/1.1" 304 - "http://localhost:3000/" "Mozilla/5.0 (Windows NT 10.0; Win64; x64) AppleWebKit/537.36 (KHTML, like Gecko) Chrome/91.0.4472.77 Safari/537.36"
::1 - - [05/Jun/2021:10:56:04 +0000] "POST /api/user/create HTTP/1.1" 201 36 "http://localhost:3000/" "Mozilla/5.0 (Windows NT 10.0; Win64; x64) AppleWebKit/537.36 (KHTML, like Gecko) Chrome/91.0.4472.77 Safari/537.36"
::1 - - [05/Jun/2021:10:56:06 +0000] "GET /api/user HTTP/1.1" 200 328 "http://localhost:3000/" "Mozilla/5.0 (Windows NT 10.0; Win64; x64) AppleWebKit/537.36 (KHTML, like Gecko) Chrome/91.0.4472.77 Safari/537.36"
::1 - - [05/Jun/2021:10:56:07 +0000] "DELETE /api/user/delete/60bb5843cbe9712918be658f HTTP/1.1" 200 32 "http://localhost:3000/" "Mozilla/5.0 (Windows NT 10.0; Win64; x64) AppleWebKit/537.36 (KHTML, like Gecko) Chrome/91.0.4472.77 Safari/537.36"
::1 - - [05/Jun/2021:10:56:07 +0000] "GET /api/user HTTP/1.1" 200 180 "http://localhost:3000/" "Mozilla/5.0 (Windows NT 10.0; Win64; x64) AppleWebKit/537.36 (KHTML, like Gecko) Chrome/91.0.4472.77 Safari/537.36"
::1 - - [05/Jun/2021:10:56:26 +0000] "GET /api/user HTTP/1.1" 304 - "http://localhost:3000/" "Mozilla/5.0 (Windows NT 10.0; Win64; x64) AppleWebKit/537.36 (KHTML, like Gecko) Chrome/91.0.4472.77 Safari/537.36"
::1 - - [05/Jun/2021:10:56:27 +0000] "GET /api/user HTTP/1.1" 304 - "http://localhost:3000/" "Mozilla/5.0 (Windows NT 10.0; Win64; x64) AppleWebKit/537.36 (KHTML, like Gecko) Chrome/91.0.4472.77 Safari/537.36"
::1 - - [05/Jun/2021:10:56:41 +0000] "GET /api/user HTTP/1.1" 304 - "http://localhost:3000/" "Mozilla/5.0 (Windows NT 10.0; Win64; x64) AppleWebKit/537.36 (KHTML, like Gecko) Chrome/91.0.4472.77 Safari/537.36"
::1 - - [05/Jun/2021:10:56:41 +0000] "GET /api/user HTTP/1.1" 304 - "http://localhost:3000/" "Mozilla/5.0 (Windows NT 10.0; Win64; x64) AppleWebKit/537.36 (KHTML, like Gecko) Chrome/91.0.4472.77 Safari/537.36"
::1 - - [05/Jun/2021:10:56:42 +0000] "GET /api/user HTTP/1.1" 304 - "http://localhost:3000/" "Mozilla/5.0 (Windows NT 10.0; Win64; x64) AppleWebKit/537.36 (KHTML, like Gecko) Chrome/91.0.4472.77 Safari/537.36"
::1 - - [05/Jun/2021:10:56:49 +0000] "GET /api/user HTTP/1.1" 304 - "http://localhost:3000/" "Mozilla/5.0 (Windows NT 10.0; Win64; x64) AppleWebKit/537.36 (KHTML, like Gecko) Chrome/91.0.4472.77 Safari/537.36"
::1 - - [05/Jun/2021:10:59:54 +0000] "GET /api/user HTTP/1.1" 304 - "http://localhost:3000/" "Mozilla/5.0 (Windows NT 10.0; Win64; x64) AppleWebKit/537.36 (KHTML, like Gecko) Chrome/91.0.4472.77 Safari/537.36"
::1 - - [05/Jun/2021:10:59:59 +0000] "GET /api/user HTTP/1.1" 304 - "http://localhost:3000/" "Mozilla/5.0 (Windows NT 10.0; Win64; x64) AppleWebKit/537.36 (KHTML, like Gecko) Chrome/91.0.4472.77 Safari/537.36"
::1 - - [05/Jun/2021:11:00:01 +0000] "GET /api/user HTTP/1.1" - - "http://localhost:3000/" "Mozilla/5.0 (Windows NT 10.0; Win64; x64) AppleWebKit/537.36 (KHTML, like Gecko) Chrome/91.0.4472.77 Safari/537.36"
::1 - - [05/Jun/2021:11:00:02 +0000] "GET /api/user HTTP/1.1" 200 180 "http://localhost:3000/" "Mozilla/5.0 (Windows NT 10.0; Win64; x64) AppleWebKit/537.36 (KHTML, like Gecko) Chrome/91.0.4472.77 Safari/537.36"
::1 - - [05/Jun/2021:11:00:07 +0000] "GET /api/user HTTP/1.1" 304 - "http://localhost:3000/" "Mozilla/5.0 (Windows NT 10.0; Win64; x64) AppleWebKit/537.36 (KHTML, like Gecko) Chrome/91.0.4472.77 Safari/537.36"
::1 - - [05/Jun/2021:11:02:21 +0000] "GET /api/user HTTP/1.1" 304 - "http://localhost:3000/" "Mozilla/5.0 (Windows NT 10.0; Win64; x64) AppleWebKit/537.36 (KHTML, like Gecko) Chrome/91.0.4472.77 Safari/537.36"
::1 - - [05/Jun/2021:11:03:08 +0000] "GET /api/user HTTP/1.1" 304 - "http://localhost:3000/" "Mozilla/5.0 (Windows NT 10.0; Win64; x64) AppleWebKit/537.36 (KHTML, like Gecko) Chrome/91.0.4472.77 Safari/537.36"
::1 - - [05/Jun/2021:11:07:15 +0000] "GET /api/user HTTP/1.1" 304 - "http://localhost:3000/" "Mozilla/5.0 (Windows NT 10.0; Win64; x64) AppleWebKit/537.36 (KHTML, like Gecko) Chrome/91.0.4472.77 Safari/537.36"
::1 - - [05/Jun/2021:11:10:26 +0000] "GET /api/user HTTP/1.1" 304 - "http://localhost:3000/" "Mozilla/5.0 (Windows NT 10.0; Win64; x64) AppleWebKit/537.36 (KHTML, like Gecko) Chrome/91.0.4472.77 Safari/537.36"
::1 - - [05/Jun/2021:11:10:29 +0000] "GET /api/user HTTP/1.1" 304 - "http://localhost:3000/" "Mozilla/5.0 (Windows NT 10.0; Win64; x64) AppleWebKit/537.36 (KHTML, like Gecko) Chrome/91.0.4472.77 Safari/537.36"
::1 - - [05/Jun/2021:11:16:42 +0000] "GET /api/user HTTP/1.1" 304 - "http://localhost:3000/" "Mozilla/5.0 (Windows NT 10.0; Win64; x64) AppleWebKit/537.36 (KHTML, like Gecko) Chrome/91.0.4472.77 Safari/537.36"
::1 - - [05/Jun/2021:11:22:32 +0000] "GET /api/user HTTP/1.1" 304 - "http://localhost:3000/" "Mozilla/5.0 (Windows NT 10.0; Win64; x64) AppleWebKit/537.36 (KHTML, like Gecko) Chrome/91.0.4472.77 Safari/537.36"
::1 - - [05/Jun/2021:11:23:53 +0000] "GET /api/user HTTP/1.1" 304 - "http://localhost:3000/" "Mozilla/5.0 (Windows NT 10.0; Win64; x64) AppleWebKit/537.36 (KHTML, like Gecko) Chrome/91.0.4472.77 Safari/537.36"
::1 - - [05/Jun/2021:11:24:12 +0000] "GET /api/user HTTP/1.1" 304 - "http://localhost:3000/" "Mozilla/5.0 (Windows NT 10.0; Win64; x64) AppleWebKit/537.36 (KHTML, like Gecko) Chrome/91.0.4472.77 Safari/537.36"
::1 - - [05/Jun/2021:11:24:49 +0000] "GET /api/user HTTP/1.1" 304 - "http://localhost:3000/" "Mozilla/5.0 (Windows NT 10.0; Win64; x64) AppleWebKit/537.36 (KHTML, like Gecko) Chrome/91.0.4472.77 Safari/537.36"
::1 - - [05/Jun/2021:11:25:07 +0000] "GET /api/user HTTP/1.1" 304 - "http://localhost:3000/" "Mozilla/5.0 (Windows NT 10.0; Win64; x64) AppleWebKit/537.36 (KHTML, like Gecko) Chrome/91.0.4472.77 Safari/537.36"
::1 - - [05/Jun/2021:11:27:19 +0000] "GET /api/user HTTP/1.1" 304 - "http://localhost:3000/" "Mozilla/5.0 (Windows NT 10.0; Win64; x64) AppleWebKit/537.36 (KHTML, like Gecko) Chrome/91.0.4472.77 Safari/537.36"
::1 - - [05/Jun/2021:11:28:10 +0000] "GET /api/user HTTP/1.1" 304 - "http://localhost:3000/" "Mozilla/5.0 (Windows NT 10.0; Win64; x64) AppleWebKit/537.36 (KHTML, like Gecko) Chrome/91.0.4472.77 Safari/537.36"
::1 - - [05/Jun/2021:11:28:28 +0000] "GET /api/user HTTP/1.1" 304 - "http://localhost:3000/" "Mozilla/5.0 (Windows NT 10.0; Win64; x64) AppleWebKit/537.36 (KHTML, like Gecko) Chrome/91.0.4472.77 Safari/537.36"
::1 - - [05/Jun/2021:11:29:38 +0000] "GET /api/user HTTP/1.1" 304 - "http://localhost:3000/" "Mozilla/5.0 (Windows NT 10.0; Win64; x64) AppleWebKit/537.36 (KHTML, like Gecko) Chrome/91.0.4472.77 Safari/537.36"
::1 - - [05/Jun/2021:11:29:42 +0000] "GET /api/user HTTP/1.1" 304 - "http://localhost:3000/" "Mozilla/5.0 (Windows NT 10.0; Win64; x64) AppleWebKit/537.36 (KHTML, like Gecko) Chrome/91.0.4472.77 Safari/537.36"
::1 - - [05/Jun/2021:11:30:05 +0000] "GET /api/user HTTP/1.1" 304 - "http://localhost:3000/" "Mozilla/5.0 (Windows NT 10.0; Win64; x64) AppleWebKit/537.36 (KHTML, like Gecko) Chrome/91.0.4472.77 Safari/537.36"
::1 - - [05/Jun/2021:11:30:10 +0000] "GET /api/user HTTP/1.1" 304 - "http://localhost:3000/" "Mozilla/5.0 (Windows NT 10.0; Win64; x64) AppleWebKit/537.36 (KHTML, like Gecko) Chrome/91.0.4472.77 Safari/537.36"
::1 - - [05/Jun/2021:11:30:32 +0000] "GET /api/user HTTP/1.1" 304 - "http://localhost:3000/" "Mozilla/5.0 (Windows NT 10.0; Win64; x64) AppleWebKit/537.36 (KHTML, like Gecko) Chrome/91.0.4472.77 Safari/537.36"
::1 - - [05/Jun/2021:11:35:37 +0000] "GET /api/user HTTP/1.1" 304 - "http://localhost:3000/" "Mozilla/5.0 (Windows NT 10.0; Win64; x64) AppleWebKit/537.36 (KHTML, like Gecko) Chrome/91.0.4472.77 Safari/537.36"
::1 - - [05/Jun/2021:11:36:09 +0000] "POST /api/user/create HTTP/1.1" 201 36 "http://localhost:3000/" "Mozilla/5.0 (Windows NT 10.0; Win64; x64) AppleWebKit/537.36 (KHTML, like Gecko) Chrome/91.0.4472.77 Safari/537.36"
::1 - - [05/Jun/2021:11:36:13 +0000] "GET /api/user HTTP/1.1" 200 367 "http://localhost:3000/" "Mozilla/5.0 (Windows NT 10.0; Win64; x64) AppleWebKit/537.36 (KHTML, like Gecko) Chrome/91.0.4472.77 Safari/537.36"
::1 - - [05/Jun/2021:11:38:12 +0000] "PUT /api/user/update/60bb61a9cbe9712918be6590 HTTP/1.1" 200 36 "http://localhost:3000/" "Mozilla/5.0 (Windows NT 10.0; Win64; x64) AppleWebKit/537.36 (KHTML, like Gecko) Chrome/91.0.4472.77 Safari/537.36"
::1 - - [05/Jun/2021:11:38:15 +0000] "GET /api/user HTTP/1.1" 304 - "http://localhost:3000/" "Mozilla/5.0 (Windows NT 10.0; Win64; x64) AppleWebKit/537.36 (KHTML, like Gecko) Chrome/91.0.4472.77 Safari/537.36"
::1 - - [05/Jun/2021:11:38:25 +0000] "GET /api/user HTTP/1.1" 304 - "http://localhost:3000/" "Mozilla/5.0 (Linux; Android 5.0; SM-G900P Build/LRX21T) AppleWebKit/537.36 (KHTML, like Gecko) Chrome/91.0.4472.77 Mobile Safari/537.36"
::1 - - [05/Jun/2021:11:38:27 +0000] "GET /api/user HTTP/1.1" 304 - "http://localhost:3000/" "Mozilla/5.0 (Windows NT 10.0; Win64; x64) AppleWebKit/537.36 (KHTML, like Gecko) Chrome/91.0.4472.77 Safari/537.36"
::1 - - [05/Jun/2021:11:38:30 +0000] "GET /api/user HTTP/1.1" 304 - "http://localhost:3000/" "Mozilla/5.0 (Windows NT 10.0; Win64; x64) AppleWebKit/537.36 (KHTML, like Gecko) Chrome/91.0.4472.77 Safari/537.36"
::1 - - [05/Jun/2021:11:38:37 +0000] "GET /api/user HTTP/1.1" 304 - "http://localhost:3000/" "Mozilla/5.0 (Windows NT 10.0; Win64; x64) AppleWebKit/537.36 (KHTML, like Gecko) Chrome/91.0.4472.77 Safari/537.36"
::1 - - [05/Jun/2021:11:39:38 +0000] "PUT /api/user/update/60bb61a9cbe9712918be6590 HTTP/1.1" 200 36 "http://localhost:3000/" "Mozilla/5.0 (Windows NT 10.0; Win64; x64) AppleWebKit/537.36 (KHTML, like Gecko) Chrome/91.0.4472.77 Safari/537.36"
::1 - - [05/Jun/2021:11:39:42 +0000] "GET /api/user HTTP/1.1" 304 - "http://localhost:3000/" "Mozilla/5.0 (Windows NT 10.0; Win64; x64) AppleWebKit/537.36 (KHTML, like Gecko) Chrome/91.0.4472.77 Safari/537.36"
::1 - - [05/Jun/2021:11:40:01 +0000] "PUT /api/user/update/60bb61a9cbe9712918be6590 HTTP/1.1" 200 36 "http://localhost:3000/" "Mozilla/5.0 (Windows NT 10.0; Win64; x64) AppleWebKit/537.36 (KHTML, like Gecko) Chrome/91.0.4472.77 Safari/537.36"
::1 - - [05/Jun/2021:11:40:05 +0000] "GET /api/user HTTP/1.1" 304 - "http://localhost:3000/" "Mozilla/5.0 (Windows NT 10.0; Win64; x64) AppleWebKit/537.36 (KHTML, like Gecko) Chrome/91.0.4472.77 Safari/537.36"
::1 - - [05/Jun/2021:11:40:13 +0000] "PUT /api/user/update/60bb61a9cbe9712918be6590 HTTP/1.1" 200 36 "http://localhost:3000/" "Mozilla/5.0 (Windows NT 10.0; Win64; x64) AppleWebKit/537.36 (KHTML, like Gecko) Chrome/91.0.4472.77 Safari/537.36"
::1 - - [05/Jun/2021:11:40:16 +0000] "GET /api/user HTTP/1.1" 304 - "http://localhost:3000/" "Mozilla/5.0 (Windows NT 10.0; Win64; x64) AppleWebKit/537.36 (KHTML, like Gecko) Chrome/91.0.4472.77 Safari/537.36"
::1 - - [05/Jun/2021:11:40:20 +0000] "GET /api/user HTTP/1.1" 304 - "http://localhost:3000/" "Mozilla/5.0 (Windows NT 10.0; Win64; x64) AppleWebKit/537.36 (KHTML, like Gecko) Chrome/91.0.4472.77 Safari/537.36"
::1 - - [05/Jun/2021:11:41:58 +0000] "GET /api/user HTTP/1.1" 304 - "http://localhost:3000/" "Mozilla/5.0 (Windows NT 10.0; Win64; x64) AppleWebKit/537.36 (KHTML, like Gecko) Chrome/91.0.4472.77 Safari/537.36"
::1 - - [05/Jun/2021:11:42:01 +0000] "GET /api/user HTTP/1.1" 304 - "http://localhost:3000/" "Mozilla/5.0 (Windows NT 10.0; Win64; x64) AppleWebKit/537.36 (KHTML, like Gecko) Chrome/91.0.4472.77 Safari/537.36"
::1 - - [05/Jun/2021:11:42:10 +0000] "PUT /api/user/update/60bb61a9cbe9712918be6590 HTTP/1.1" 200 36 "http://localhost:3000/" "Mozilla/5.0 (Windows NT 10.0; Win64; x64) AppleWebKit/537.36 (KHTML, like Gecko) Chrome/91.0.4472.77 Safari/537.36"
::1 - - [05/Jun/2021:11:42:12 +0000] "GET /api/user HTTP/1.1" 304 - "http://localhost:3000/" "Mozilla/5.0 (Windows NT 10.0; Win64; x64) AppleWebKit/537.36 (KHTML, like Gecko) Chrome/91.0.4472.77 Safari/537.36"
::1 - - [05/Jun/2021:11:42:34 +0000] "GET /api/user HTTP/1.1" 304 - "http://localhost:3000/" "Mozilla/5.0 (Windows NT 10.0; Win64; x64) AppleWebKit/537.36 (KHTML, like Gecko) Chrome/91.0.4472.77 Safari/537.36"
::1 - - [05/Jun/2021:11:43:00 +0000] "PUT /api/user/update/60bb61a9cbe9712918be6590 HTTP/1.1" 200 36 "http://localhost:3000/" "Mozilla/5.0 (Windows NT 10.0; Win64; x64) AppleWebKit/537.36 (KHTML, like Gecko) Chrome/91.0.4472.77 Safari/537.36"
::1 - - [05/Jun/2021:11:43:28 +0000] "GET /api/user HTTP/1.1" 304 - "http://localhost:3000/" "Mozilla/5.0 (Windows NT 10.0; Win64; x64) AppleWebKit/537.36 (KHTML, like Gecko) Chrome/91.0.4472.77 Safari/537.36"
::1 - - [05/Jun/2021:11:43:47 +0000] "GET /api/user HTTP/1.1" 304 - "http://localhost:3000/" "Mozilla/5.0 (Windows NT 10.0; Win64; x64) AppleWebKit/537.36 (KHTML, like Gecko) Chrome/91.0.4472.77 Safari/537.36"
::1 - - [05/Jun/2021:11:44:35 +0000] "GET /api/user HTTP/1.1" 304 - "http://localhost:3000/" "Mozilla/5.0 (Windows NT 10.0; Win64; x64) AppleWebKit/537.36 (KHTML, like Gecko) Chrome/91.0.4472.77 Safari/537.36"
::1 - - [05/Jun/2021:11:44:38 +0000] "GET /api/user HTTP/1.1" 304 - "http://localhost:3000/" "Mozilla/5.0 (Windows NT 10.0; Win64; x64) AppleWebKit/537.36 (KHTML, like Gecko) Chrome/91.0.4472.77 Safari/537.36"
::1 - - [05/Jun/2021:11:44:41 +0000] "GET /api/user HTTP/1.1" 304 - "http://localhost:3000/" "Mozilla/5.0 (Windows NT 10.0; Win64; x64) AppleWebKit/537.36 (KHTML, like Gecko) Chrome/91.0.4472.77 Safari/537.36"
::1 - - [05/Jun/2021:11:45:34 +0000] "GET /api/user HTTP/1.1" 304 - "http://localhost:3000/" "Mozilla/5.0 (Windows NT 10.0; Win64; x64) AppleWebKit/537.36 (KHTML, like Gecko) Chrome/91.0.4472.77 Safari/537.36"
::1 - - [05/Jun/2021:11:46:22 +0000] "GET /api/user HTTP/1.1" 304 - "http://localhost:3000/" "Mozilla/5.0 (Windows NT 10.0; Win64; x64) AppleWebKit/537.36 (KHTML, like Gecko) Chrome/91.0.4472.77 Safari/537.36"
::1 - - [05/Jun/2021:11:50:42 +0000] "GET /api/user HTTP/1.1" 304 - "http://localhost:3000/" "Mozilla/5.0 (Windows NT 10.0; Win64; x64) AppleWebKit/537.36 (KHTML, like Gecko) Chrome/91.0.4472.77 Safari/537.36"
::1 - - [05/Jun/2021:11:51:48 +0000] "GET /api/user HTTP/1.1" 304 - "http://localhost:3000/" "Mozilla/5.0 (Windows NT 10.0; Win64; x64) AppleWebKit/537.36 (KHTML, like Gecko) Chrome/91.0.4472.77 Safari/537.36"
::1 - - [05/Jun/2021:11:54:29 +0000] "GET /api/user HTTP/1.1" 304 - "http://localhost:3000/" "Mozilla/5.0 (Windows NT 10.0; Win64; x64) AppleWebKit/537.36 (KHTML, like Gecko) Chrome/91.0.4472.77 Safari/537.36"
::1 - - [05/Jun/2021:11:56:01 +0000] "GET /api/user HTTP/1.1" 304 - "http://localhost:3000/" "Mozilla/5.0 (Windows NT 10.0; Win64; x64) AppleWebKit/537.36 (KHTML, like Gecko) Chrome/91.0.4472.77 Safari/537.36"
::1 - - [05/Jun/2021:11:56:10 +0000] "PUT /api/user/update/undefined HTTP/1.1" 500 122 "http://localhost:3000/" "Mozilla/5.0 (Windows NT 10.0; Win64; x64) AppleWebKit/537.36 (KHTML, like Gecko) Chrome/91.0.4472.77 Safari/537.36"
::1 - - [05/Jun/2021:11:56:39 +0000] "GET /api/user HTTP/1.1" 304 - "http://localhost:3000/" "Mozilla/5.0 (Windows NT 10.0; Win64; x64) AppleWebKit/537.36 (KHTML, like Gecko) Chrome/91.0.4472.77 Safari/537.36"
::1 - - [05/Jun/2021:11:57:10 +0000] "PUT /api/user/update/undefined HTTP/1.1" 500 122 "http://localhost:3000/" "Mozilla/5.0 (Windows NT 10.0; Win64; x64) AppleWebKit/537.36 (KHTML, like Gecko) Chrome/91.0.4472.77 Safari/537.36"
::1 - - [05/Jun/2021:11:57:37 +0000] "GET /api/user HTTP/1.1" 304 - "http://localhost:3000/" "Mozilla/5.0 (Windows NT 10.0; Win64; x64) AppleWebKit/537.36 (KHTML, like Gecko) Chrome/91.0.4472.77 Safari/537.36"
::1 - - [05/Jun/2021:11:57:42 +0000] "PUT /api/user/update/60bb61a9cbe9712918be6590 HTTP/1.1" 400 43 "http://localhost:3000/" "Mozilla/5.0 (Windows NT 10.0; Win64; x64) AppleWebKit/537.36 (KHTML, like Gecko) Chrome/91.0.4472.77 Safari/537.36"
::1 - - [05/Jun/2021:11:59:43 +0000] "GET /api/user HTTP/1.1" 304 - "http://localhost:3000/" "Mozilla/5.0 (Windows NT 10.0; Win64; x64) AppleWebKit/537.36 (KHTML, like Gecko) Chrome/91.0.4472.77 Safari/537.36"
::1 - - [05/Jun/2021:11:59:48 +0000] "PUT /api/user/update/60bb61a9cbe9712918be6590 HTTP/1.1" 400 43 "http://localhost:3000/" "Mozilla/5.0 (Windows NT 10.0; Win64; x64) AppleWebKit/537.36 (KHTML, like Gecko) Chrome/91.0.4472.77 Safari/537.36"
::1 - - [05/Jun/2021:12:00:22 +0000] "GET /api/user HTTP/1.1" 304 - "http://localhost:3000/" "Mozilla/5.0 (Windows NT 10.0; Win64; x64) AppleWebKit/537.36 (KHTML, like Gecko) Chrome/91.0.4472.77 Safari/537.36"
::1 - - [05/Jun/2021:12:00:26 +0000] "PUT /api/user/update/60bb61a9cbe9712918be6590 HTTP/1.1" 400 43 "http://localhost:3000/" "Mozilla/5.0 (Windows NT 10.0; Win64; x64) AppleWebKit/537.36 (KHTML, like Gecko) Chrome/91.0.4472.77 Safari/537.36"
::1 - - [05/Jun/2021:12:00:54 +0000] "GET /api/user HTTP/1.1" 304 - "http://localhost:3000/" "Mozilla/5.0 (Windows NT 10.0; Win64; x64) AppleWebKit/537.36 (KHTML, like Gecko) Chrome/91.0.4472.77 Safari/537.36"
::1 - - [05/Jun/2021:12:00:59 +0000] "PUT /api/user/update/60bb61a9cbe9712918be6590 HTTP/1.1" 200 36 "http://localhost:3000/" "Mozilla/5.0 (Windows NT 10.0; Win64; x64) AppleWebKit/537.36 (KHTML, like Gecko) Chrome/91.0.4472.77 Safari/537.36"
::1 - - [05/Jun/2021:12:01:23 +0000] "GET /api/user HTTP/1.1" 200 327 "http://localhost:3000/" "Mozilla/5.0 (Windows NT 10.0; Win64; x64) AppleWebKit/537.36 (KHTML, like Gecko) Chrome/91.0.4472.77 Safari/537.36"
::1 - - [05/Jun/2021:12:02:02 +0000] "GET /api/user HTTP/1.1" 304 - "http://localhost:3000/" "Mozilla/5.0 (Windows NT 10.0; Win64; x64) AppleWebKit/537.36 (KHTML, like Gecko) Chrome/91.0.4472.77 Safari/537.36"
::1 - - [05/Jun/2021:12:02:10 +0000] "PUT /api/user/update/60bb61a9cbe9712918be6590 HTTP/1.1" 200 36 "http://localhost:3000/" "Mozilla/5.0 (Windows NT 10.0; Win64; x64) AppleWebKit/537.36 (KHTML, like Gecko) Chrome/91.0.4472.77 Safari/537.36"
::1 - - [05/Jun/2021:12:03:52 +0000] "GET /api/user HTTP/1.1" 200 367 "http://localhost:3000/" "Mozilla/5.0 (Windows NT 10.0; Win64; x64) AppleWebKit/537.36 (KHTML, like Gecko) Chrome/91.0.4472.77 Safari/537.36"
::1 - - [05/Jun/2021:12:03:55 +0000] "PUT /api/user/update/60bb61a9cbe9712918be6590 HTTP/1.1" 200 36 "http://localhost:3000/" "Mozilla/5.0 (Windows NT 10.0; Win64; x64) AppleWebKit/537.36 (KHTML, like Gecko) Chrome/91.0.4472.77 Safari/537.36"
::1 - - [05/Jun/2021:12:03:55 +0000] "GET /api/user HTTP/1.1" 304 - "http://localhost:3000/" "Mozilla/5.0 (Windows NT 10.0; Win64; x64) AppleWebKit/537.36 (KHTML, like Gecko) Chrome/91.0.4472.77 Safari/537.36"
::1 - - [05/Jun/2021:12:04:03 +0000] "PUT /api/user/update/60bb61a9cbe9712918be6590 HTTP/1.1" 200 36 "http://localhost:3000/" "Mozilla/5.0 (Windows NT 10.0; Win64; x64) AppleWebKit/537.36 (KHTML, like Gecko) Chrome/91.0.4472.77 Safari/537.36"
::1 - - [05/Jun/2021:12:04:04 +0000] "GET /api/user HTTP/1.1" 200 327 "http://localhost:3000/" "Mozilla/5.0 (Windows NT 10.0; Win64; x64) AppleWebKit/537.36 (KHTML, like Gecko) Chrome/91.0.4472.77 Safari/537.36"
::1 - - [05/Jun/2021:12:04:42 +0000] "GET /api/user HTTP/1.1" 304 - "http://localhost:3000/" "Mozilla/5.0 (Windows NT 10.0; Win64; x64) AppleWebKit/537.36 (KHTML, like Gecko) Chrome/91.0.4472.77 Safari/537.36"
::1 - - [05/Jun/2021:12:05:08 +0000] "POST /api/user/create HTTP/1.1" 201 36 "http://localhost:3000/" "Mozilla/5.0 (Windows NT 10.0; Win64; x64) AppleWebKit/537.36 (KHTML, like Gecko) Chrome/91.0.4472.77 Safari/537.36"
::1 - - [05/Jun/2021:12:05:41 +0000] "GET /api/user HTTP/1.1" 200 481 "http://localhost:3000/" "Mozilla/5.0 (Windows NT 10.0; Win64; x64) AppleWebKit/537.36 (KHTML, like Gecko) Chrome/91.0.4472.77 Safari/537.36"
::1 - - [05/Jun/2021:12:06:14 +0000] "GET /api/user HTTP/1.1" 304 - "http://localhost:3000/" "Mozilla/5.0 (Windows NT 10.0; Win64; x64) AppleWebKit/537.36 (KHTML, like Gecko) Chrome/91.0.4472.77 Safari/537.36"
::1 - - [05/Jun/2021:12:07:26 +0000] "GET /api/user HTTP/1.1" 304 - "http://localhost:3000/" "Mozilla/5.0 (Windows NT 10.0; Win64; x64) AppleWebKit/537.36 (KHTML, like Gecko) Chrome/91.0.4472.77 Safari/537.36"
::1 - - [05/Jun/2021:12:07:31 +0000] "GET /api/user HTTP/1.1" 304 - "http://localhost:3000/" "Mozilla/5.0 (Windows NT 10.0; Win64; x64) AppleWebKit/537.36 (KHTML, like Gecko) Chrome/91.0.4472.77 Safari/537.36"
::1 - - [05/Jun/2021:12:07:36 +0000] "GET /api/user HTTP/1.1" 304 - "http://localhost:3000/" "Mozilla/5.0 (Windows NT 10.0; Win64; x64) AppleWebKit/537.36 (KHTML, like Gecko) Chrome/91.0.4472.77 Safari/537.36"
::1 - - [05/Jun/2021:12:07:53 +0000] "GET /api/user HTTP/1.1" 304 - "http://localhost:3000/" "Mozilla/5.0 (Windows NT 10.0; Win64; x64) AppleWebKit/537.36 (KHTML, like Gecko) Chrome/91.0.4472.77 Safari/537.36"
::1 - - [05/Jun/2021:12:07:53 +0000] "GET /api/user HTTP/1.1" 304 - "http://localhost:3000/" "Mozilla/5.0 (Windows NT 10.0; Win64; x64) AppleWebKit/537.36 (KHTML, like Gecko) Chrome/91.0.4472.77 Safari/537.36"
::1 - - [05/Jun/2021:12:08:21 +0000] "GET /api/user HTTP/1.1" 304 - "http://localhost:3000/" "Mozilla/5.0 (Windows NT 10.0; Win64; x64) AppleWebKit/537.36 (KHTML, like Gecko) Chrome/91.0.4472.77 Safari/537.36"
::1 - - [05/Jun/2021:12:08:36 +0000] "GET /api/user HTTP/1.1" 304 - "http://localhost:3000/" "Mozilla/5.0 (Windows NT 10.0; Win64; x64) AppleWebKit/537.36 (KHTML, like Gecko) Chrome/91.0.4472.77 Safari/537.36"
::1 - - [05/Jun/2021:12:08:42 +0000] "GET /api/user HTTP/1.1" 304 - "http://localhost:3000/" "Mozilla/5.0 (Windows NT 10.0; Win64; x64) AppleWebKit/537.36 (KHTML, like Gecko) Chrome/91.0.4472.77 Safari/537.36"
::1 - - [05/Jun/2021:12:09:08 +0000] "GET /api/user HTTP/1.1" 304 - "http://localhost:3000/" "Mozilla/5.0 (Windows NT 10.0; Win64; x64) AppleWebKit/537.36 (KHTML, like Gecko) Chrome/91.0.4472.77 Safari/537.36"
::1 - - [05/Jun/2021:12:09:09 +0000] "GET /api/user HTTP/1.1" 304 - "http://localhost:3000/" "Mozilla/5.0 (Windows NT 10.0; Win64; x64) AppleWebKit/537.36 (KHTML, like Gecko) Chrome/91.0.4472.77 Safari/537.36"
::1 - - [05/Jun/2021:12:09:10 +0000] "GET /api/user HTTP/1.1" 304 - "http://localhost:3000/" "Mozilla/5.0 (Windows NT 10.0; Win64; x64) AppleWebKit/537.36 (KHTML, like Gecko) Chrome/91.0.4472.77 Safari/537.36"
::1 - - [05/Jun/2021:12:10:40 +0000] "GET /api/user HTTP/1.1" 304 - "http://localhost:3000/" "Mozilla/5.0 (Windows NT 10.0; Win64; x64) AppleWebKit/537.36 (KHTML, like Gecko) Chrome/91.0.4472.77 Safari/537.36"
::1 - - [05/Jun/2021:12:10:44 +0000] "GET /api/user HTTP/1.1" 304 - "http://localhost:3000/" "Mozilla/5.0 (Windows NT 10.0; Win64; x64) AppleWebKit/537.36 (KHTML, like Gecko) Chrome/91.0.4472.77 Safari/537.36"
::1 - - [05/Jun/2021:12:10:49 +0000] "GET /api/user HTTP/1.1" 304 - "http://localhost:3000/" "Mozilla/5.0 (Linux; Android 5.0; SM-G900P Build/LRX21T) AppleWebKit/537.36 (KHTML, like Gecko) Chrome/91.0.4472.77 Mobile Safari/537.36"
::1 - - [05/Jun/2021:12:10:58 +0000] "GET /api/user HTTP/1.1" 304 - "http://localhost:3000/" "Mozilla/5.0 (Linux; Android 5.0; SM-G900P Build/LRX21T) AppleWebKit/537.36 (KHTML, like Gecko) Chrome/91.0.4472.77 Mobile Safari/537.36"
::1 - - [05/Jun/2021:12:11:51 +0000] "GET /api/user HTTP/1.1" 304 - "http://localhost:3000/" "Mozilla/5.0 (Linux; Android 5.0; SM-G900P Build/LRX21T) AppleWebKit/537.36 (KHTML, like Gecko) Chrome/91.0.4472.77 Mobile Safari/537.36"
::1 - - [05/Jun/2021:12:11:53 +0000] "GET /api/user HTTP/1.1" 304 - "http://localhost:3000/" "Mozilla/5.0 (Linux; Android 5.0; SM-G900P Build/LRX21T) AppleWebKit/537.36 (KHTML, like Gecko) Chrome/91.0.4472.77 Mobile Safari/537.36"
::1 - - [05/Jun/2021:12:12:03 +0000] "GET /api/user HTTP/1.1" 304 - "http://localhost:3000/" "Mozilla/5.0 (Windows NT 10.0; Win64; x64) AppleWebKit/537.36 (KHTML, like Gecko) Chrome/91.0.4472.77 Safari/537.36"
::1 - - [05/Jun/2021:12:12:45 +0000] "GET /api/user HTTP/1.1" 304 - "http://localhost:3000/" "Mozilla/5.0 (Windows NT 10.0; Win64; x64) AppleWebKit/537.36 (KHTML, like Gecko) Chrome/91.0.4472.77 Safari/537.36"
::1 - - [05/Jun/2021:12:12:53 +0000] "GET /api/user HTTP/1.1" 304 - "http://localhost:3000/" "Mozilla/5.0 (Windows NT 10.0; Win64; x64) AppleWebKit/537.36 (KHTML, like Gecko) Chrome/91.0.4472.77 Safari/537.36"
::1 - - [05/Jun/2021:12:13:03 +0000] "GET /api/user HTTP/1.1" 304 - "http://localhost:3000/" "Mozilla/5.0 (Windows NT 10.0; Win64; x64) AppleWebKit/537.36 (KHTML, like Gecko) Chrome/91.0.4472.77 Safari/537.36"
::1 - - [05/Jun/2021:12:13:08 +0000] "GET /api/user HTTP/1.1" 304 - "http://localhost:3000/" "Mozilla/5.0 (Windows NT 10.0; Win64; x64) AppleWebKit/537.36 (KHTML, like Gecko) Chrome/91.0.4472.77 Safari/537.36"
::1 - - [05/Jun/2021:12:13:23 +0000] "GET /api/user HTTP/1.1" 304 - "http://localhost:3000/" "Mozilla/5.0 (Windows NT 10.0; Win64; x64) AppleWebKit/537.36 (KHTML, like Gecko) Chrome/91.0.4472.77 Safari/537.36"
::1 - - [05/Jun/2021:12:13:32 +0000] "GET /api/user HTTP/1.1" 304 - "http://localhost:3000/" "Mozilla/5.0 (Linux; Android 5.0; SM-G900P Build/LRX21T) AppleWebKit/537.36 (KHTML, like Gecko) Chrome/91.0.4472.77 Mobile Safari/537.36"
::1 - - [05/Jun/2021:12:13:41 +0000] "GET /api/user HTTP/1.1" 304 - "http://localhost:3000/" "Mozilla/5.0 (Linux; Android 5.0; SM-G900P Build/LRX21T) AppleWebKit/537.36 (KHTML, like Gecko) Chrome/91.0.4472.77 Mobile Safari/537.36"
::1 - - [05/Jun/2021:12:13:59 +0000] "GET /api/user HTTP/1.1" 304 - "http://localhost:3000/" "Mozilla/5.0 (Linux; Android 5.0; SM-G900P Build/LRX21T) AppleWebKit/537.36 (KHTML, like Gecko) Chrome/91.0.4472.77 Mobile Safari/537.36"
::1 - - [05/Jun/2021:12:14:02 +0000] "GET /api/user HTTP/1.1" 304 - "http://localhost:3000/" "Mozilla/5.0 (Windows NT 10.0; Win64; x64) AppleWebKit/537.36 (KHTML, like Gecko) Chrome/91.0.4472.77 Safari/537.36"
::1 - - [05/Jun/2021:12:33:16 +0000] "GET /api/user HTTP/1.1" 304 - "http://localhost:3000/" "Mozilla/5.0 (Windows NT 10.0; Win64; x64) AppleWebKit/537.36 (KHTML, like Gecko) Chrome/91.0.4472.77 Safari/537.36"
::1 - - [05/Jun/2021:12:33:21 +0000] "GET /api/user HTTP/1.1" 304 - "http://localhost:3000/" "Mozilla/5.0 (Windows NT 10.0; Win64; x64) AppleWebKit/537.36 (KHTML, like Gecko) Chrome/91.0.4472.77 Safari/537.36"
::1 - - [05/Jun/2021:12:33:34 +0000] "GET /api/user HTTP/1.1" 304 - "http://localhost:3000/" "Mozilla/5.0 (Windows NT 10.0; Win64; x64) AppleWebKit/537.36 (KHTML, like Gecko) Chrome/91.0.4472.77 Safari/537.36"
::1 - - [05/Jun/2021:12:33:39 +0000] "GET /api/user HTTP/1.1" 304 - "http://localhost:3000/" "Mozilla/5.0 (Windows NT 10.0; Win64; x64) AppleWebKit/537.36 (KHTML, like Gecko) Chrome/91.0.4472.77 Safari/537.36"
::1 - - [05/Jun/2021:12:33:42 +0000] "GET /api/user HTTP/1.1" 304 - "http://localhost:3000/" "Mozilla/5.0 (Windows NT 10.0; Win64; x64) AppleWebKit/537.36 (KHTML, like Gecko) Chrome/91.0.4472.77 Safari/537.36"
::1 - - [05/Jun/2021:12:34:15 +0000] "GET /api/user HTTP/1.1" 304 - "http://localhost:3000/" "Mozilla/5.0 (Windows NT 10.0; Win64; x64) AppleWebKit/537.36 (KHTML, like Gecko) Chrome/91.0.4472.77 Safari/537.36"
::1 - - [05/Jun/2021:12:34:15 +0000] "GET /api/user HTTP/1.1" 304 - "http://localhost:3000/" "Mozilla/5.0 (Windows NT 10.0; Win64; x64) AppleWebKit/537.36 (KHTML, like Gecko) Chrome/91.0.4472.77 Safari/537.36"
::1 - - [05/Jun/2021:12:34:21 +0000] "GET /api/user HTTP/1.1" 304 - "http://localhost:3000/" "Mozilla/5.0 (Linux; Android 5.0; SM-G900P Build/LRX21T) AppleWebKit/537.36 (KHTML, like Gecko) Chrome/91.0.4472.77 Mobile Safari/537.36"
::1 - - [05/Jun/2021:12:34:23 +0000] "GET /api/user HTTP/1.1" 304 - "http://localhost:3000/" "Mozilla/5.0 (Linux; Android 5.0; SM-G900P Build/LRX21T) AppleWebKit/537.36 (KHTML, like Gecko) Chrome/91.0.4472.77 Mobile Safari/537.36"
::1 - - [05/Jun/2021:12:34:25 +0000] "GET /api/user HTTP/1.1" 304 - "http://localhost:3000/" "Mozilla/5.0 (Windows NT 10.0; Win64; x64) AppleWebKit/537.36 (KHTML, like Gecko) Chrome/91.0.4472.77 Safari/537.36"
::1 - - [05/Jun/2021:12:34:29 +0000] "GET /api/user HTTP/1.1" 304 - "http://localhost:3000/" "Mozilla/5.0 (Windows NT 10.0; Win64; x64) AppleWebKit/537.36 (KHTML, like Gecko) Chrome/91.0.4472.77 Safari/537.36"
::1 - - [05/Jun/2021:12:34:30 +0000] "GET /api/user HTTP/1.1" 304 - "http://localhost:3000/" "Mozilla/5.0 (Windows NT 10.0; Win64; x64) AppleWebKit/537.36 (KHTML, like Gecko) Chrome/91.0.4472.77 Safari/537.36"
::1 - - [05/Jun/2021:12:35:29 +0000] "GET /api/user HTTP/1.1" 304 - "http://localhost:3000/" "Mozilla/5.0 (Windows NT 10.0; Win64; x64) AppleWebKit/537.36 (KHTML, like Gecko) Chrome/91.0.4472.77 Safari/537.36"
::1 - - [05/Jun/2021:12:35:34 +0000] "GET /api/user HTTP/1.1" 304 - "http://localhost:3000/" "Mozilla/5.0 (Windows NT 10.0; Win64; x64) AppleWebKit/537.36 (KHTML, like Gecko) Chrome/91.0.4472.77 Safari/537.36"
::1 - - [05/Jun/2021:12:35:39 +0000] "GET /api/user HTTP/1.1" 304 - "http://localhost:3000/" "Mozilla/5.0 (Linux; Android 5.0; SM-G900P Build/LRX21T) AppleWebKit/537.36 (KHTML, like Gecko) Chrome/91.0.4472.77 Mobile Safari/537.36"
::1 - - [05/Jun/2021:12:35:50 +0000] "GET /api/user HTTP/1.1" 304 - "http://localhost:3000/" "Mozilla/5.0 (Windows NT 10.0; Win64; x64) AppleWebKit/537.36 (KHTML, like Gecko) Chrome/91.0.4472.77 Safari/537.36"
::1 - - [05/Jun/2021:12:35:53 +0000] "GET /api/user HTTP/1.1" 304 - "http://localhost:3000/" "Mozilla/5.0 (Windows NT 10.0; Win64; x64) AppleWebKit/537.36 (KHTML, like Gecko) Chrome/91.0.4472.77 Safari/537.36"
::1 - - [05/Jun/2021:12:35:56 +0000] "GET /api/user HTTP/1.1" 304 - "http://localhost:3000/" "Mozilla/5.0 (Linux; Android 5.0; SM-G900P Build/LRX21T) AppleWebKit/537.36 (KHTML, like Gecko) Chrome/91.0.4472.77 Mobile Safari/537.36"
::1 - - [05/Jun/2021:12:36:22 +0000] "GET /api/user HTTP/1.1" 304 - "http://localhost:3000/" "Mozilla/5.0 (Linux; Android 5.0; SM-G900P Build/LRX21T) AppleWebKit/537.36 (KHTML, like Gecko) Chrome/91.0.4472.77 Mobile Safari/537.36"
::1 - - [05/Jun/2021:12:36:52 +0000] "GET /api/user HTTP/1.1" 304 - "http://localhost:3000/" "Mozilla/5.0 (Windows NT 10.0; Win64; x64) AppleWebKit/537.36 (KHTML, like Gecko) Chrome/91.0.4472.77 Safari/537.36"
::1 - - [05/Jun/2021:12:36:56 +0000] "GET /api/user HTTP/1.1" 304 - "http://localhost:3000/" "Mozilla/5.0 (Linux; Android 5.0; SM-G900P Build/LRX21T) AppleWebKit/537.36 (KHTML, like Gecko) Chrome/91.0.4472.77 Mobile Safari/537.36"
::1 - - [05/Jun/2021:12:36:58 +0000] "GET /api/user HTTP/1.1" 304 - "http://localhost:3000/" "Mozilla/5.0 (Linux; Android 5.0; SM-G900P Build/LRX21T) AppleWebKit/537.36 (KHTML, like Gecko) Chrome/91.0.4472.77 Mobile Safari/537.36"
::1 - - [05/Jun/2021:12:37:05 +0000] "GET /api/user HTTP/1.1" 304 - "http://localhost:3000/" "Mozilla/5.0 (Windows NT 10.0; Win64; x64) AppleWebKit/537.36 (KHTML, like Gecko) Chrome/91.0.4472.77 Safari/537.36"
::1 - - [05/Jun/2021:12:37:06 +0000] "GET /api/user HTTP/1.1" 304 - "http://localhost:3000/" "Mozilla/5.0 (Windows NT 10.0; Win64; x64) AppleWebKit/537.36 (KHTML, like Gecko) Chrome/91.0.4472.77 Safari/537.36"
::1 - - [05/Jun/2021:12:37:10 +0000] "GET /api/user HTTP/1.1" 304 - "http://localhost:3000/" "Mozilla/5.0 (Windows NT 10.0; Win64; x64) AppleWebKit/537.36 (KHTML, like Gecko) Chrome/91.0.4472.77 Safari/537.36"
::1 - - [05/Jun/2021:12:37:22 +0000] "GET /api/user HTTP/1.1" 304 - "http://localhost:3000/" "Mozilla/5.0 (Windows NT 10.0; Win64; x64) AppleWebKit/537.36 (KHTML, like Gecko) Chrome/91.0.4472.77 Safari/537.36"
::1 - - [05/Jun/2021:12:37:50 +0000] "GET /api/user HTTP/1.1" 304 - "http://localhost:3000/" "Mozilla/5.0 (Windows NT 10.0; Win64; x64) AppleWebKit/537.36 (KHTML, like Gecko) Chrome/91.0.4472.77 Safari/537.36"
::1 - - [05/Jun/2021:12:37:52 +0000] "GET /api/user HTTP/1.1" 304 - "http://localhost:3000/" "Mozilla/5.0 (Windows NT 10.0; Win64; x64) AppleWebKit/537.36 (KHTML, like Gecko) Chrome/91.0.4472.77 Safari/537.36"
::1 - - [05/Jun/2021:12:37:56 +0000] "GET /api/user HTTP/1.1" 304 - "http://localhost:3000/" "Mozilla/5.0 (Linux; Android 5.0; SM-G900P Build/LRX21T) AppleWebKit/537.36 (KHTML, like Gecko) Chrome/91.0.4472.77 Mobile Safari/537.36"
::1 - - [05/Jun/2021:12:38:01 +0000] "GET /api/user HTTP/1.1" 304 - "http://localhost:3000/" "Mozilla/5.0 (Linux; Android 5.0; SM-G900P Build/LRX21T) AppleWebKit/537.36 (KHTML, like Gecko) Chrome/91.0.4472.77 Mobile Safari/537.36"
::1 - - [05/Jun/2021:12:38:35 +0000] "GET /api/user HTTP/1.1" 304 - "http://localhost:3000/" "Mozilla/5.0 (Linux; Android 5.0; SM-G900P Build/LRX21T) AppleWebKit/537.36 (KHTML, like Gecko) Chrome/91.0.4472.77 Mobile Safari/537.36"
::1 - - [05/Jun/2021:12:38:37 +0000] "GET /api/user HTTP/1.1" 304 - "http://localhost:3000/" "Mozilla/5.0 (Linux; Android 5.0; SM-G900P Build/LRX21T) AppleWebKit/537.36 (KHTML, like Gecko) Chrome/91.0.4472.77 Mobile Safari/537.36"
::1 - - [05/Jun/2021:12:38:39 +0000] "GET /api/user HTTP/1.1" 304 - "http://localhost:3000/" "Mozilla/5.0 (Linux; Android 5.0; SM-G900P Build/LRX21T) AppleWebKit/537.36 (KHTML, like Gecko) Chrome/91.0.4472.77 Mobile Safari/537.36"
::1 - - [05/Jun/2021:12:38:45 +0000] "GET /api/user HTTP/1.1" 304 - "http://localhost:3000/" "Mozilla/5.0 (Linux; Android 5.0; SM-G900P Build/LRX21T) AppleWebKit/537.36 (KHTML, like Gecko) Chrome/91.0.4472.77 Mobile Safari/537.36"
::1 - - [05/Jun/2021:12:38:57 +0000] "GET /api/user HTTP/1.1" 304 - "http://localhost:3000/" "Mozilla/5.0 (Linux; Android 5.0; SM-G900P Build/LRX21T) AppleWebKit/537.36 (KHTML, like Gecko) Chrome/91.0.4472.77 Mobile Safari/537.36"
::1 - - [05/Jun/2021:12:39:07 +0000] "GET /api/user HTTP/1.1" 304 - "http://localhost:3000/" "Mozilla/5.0 (Linux; Android 5.0; SM-G900P Build/LRX21T) AppleWebKit/537.36 (KHTML, like Gecko) Chrome/91.0.4472.77 Mobile Safari/537.36"
::1 - - [05/Jun/2021:12:39:12 +0000] "GET /api/user HTTP/1.1" 304 - "http://localhost:3000/" "Mozilla/5.0 (Linux; Android 5.0; SM-G900P Build/LRX21T) AppleWebKit/537.36 (KHTML, like Gecko) Chrome/91.0.4472.77 Mobile Safari/537.36"
::1 - - [05/Jun/2021:12:39:15 +0000] "GET /api/user HTTP/1.1" 304 - "http://localhost:3000/" "Mozilla/5.0 (Windows NT 10.0; Win64; x64) AppleWebKit/537.36 (KHTML, like Gecko) Chrome/91.0.4472.77 Safari/537.36"
::1 - - [05/Jun/2021:12:39:37 +0000] "GET /api/user HTTP/1.1" 304 - "http://localhost:3000/" "Mozilla/5.0 (Linux; Android 5.0; SM-G900P Build/LRX21T) AppleWebKit/537.36 (KHTML, like Gecko) Chrome/91.0.4472.77 Mobile Safari/537.36"
::1 - - [05/Jun/2021:12:39:39 +0000] "GET /api/user HTTP/1.1" - - "http://localhost:3000/" "Mozilla/5.0 (Linux; Android 5.0; SM-G900P Build/LRX21T) AppleWebKit/537.36 (KHTML, like Gecko) Chrome/91.0.4472.77 Mobile Safari/537.36"
::1 - - [05/Jun/2021:12:39:40 +0000] "GET /api/user HTTP/1.1" 200 481 "http://localhost:3000/" "Mozilla/5.0 (Linux; Android 5.0; SM-G900P Build/LRX21T) AppleWebKit/537.36 (KHTML, like Gecko) Chrome/91.0.4472.77 Mobile Safari/537.36"
::1 - - [05/Jun/2021:12:41:09 +0000] "GET /api/user HTTP/1.1" 304 - "http://localhost:3000/" "Mozilla/5.0 (Linux; Android 5.0; SM-G900P Build/LRX21T) AppleWebKit/537.36 (KHTML, like Gecko) Chrome/91.0.4472.77 Mobile Safari/537.36"
::1 - - [05/Jun/2021:12:43:12 +0000] "GET /api/user HTTP/1.1" 304 - "http://localhost:3000/" "Mozilla/5.0 (Linux; Android 5.0; SM-G900P Build/LRX21T) AppleWebKit/537.36 (KHTML, like Gecko) Chrome/91.0.4472.77 Mobile Safari/537.36"
::1 - - [05/Jun/2021:12:43:13 +0000] "GET /api/user HTTP/1.1" 304 - "http://localhost:3000/" "Mozilla/5.0 (Linux; Android 5.0; SM-G900P Build/LRX21T) AppleWebKit/537.36 (KHTML, like Gecko) Chrome/91.0.4472.77 Mobile Safari/537.36"
::1 - - [05/Jun/2021:12:43:15 +0000] "GET /api/user HTTP/1.1" 304 - "http://localhost:3000/" "Mozilla/5.0 (Windows NT 10.0; Win64; x64) AppleWebKit/537.36 (KHTML, like Gecko) Chrome/91.0.4472.77 Safari/537.36"
::1 - - [05/Jun/2021:12:43:17 +0000] "GET /api/user HTTP/1.1" 304 - "http://localhost:3000/" "Mozilla/5.0 (Windows NT 10.0; Win64; x64) AppleWebKit/537.36 (KHTML, like Gecko) Chrome/91.0.4472.77 Safari/537.36"
::1 - - [05/Jun/2021:12:43:21 +0000] "GET /api/user HTTP/1.1" 304 - "http://localhost:3000/" "Mozilla/5.0 (Linux; Android 5.0; SM-G900P Build/LRX21T) AppleWebKit/537.36 (KHTML, like Gecko) Chrome/91.0.4472.77 Mobile Safari/537.36"
::1 - - [05/Jun/2021:12:43:23 +0000] "GET /api/user HTTP/1.1" 304 - "http://localhost:3000/" "Mozilla/5.0 (Linux; Android 5.0; SM-G900P Build/LRX21T) AppleWebKit/537.36 (KHTML, like Gecko) Chrome/91.0.4472.77 Mobile Safari/537.36"
::1 - - [05/Jun/2021:12:43:31 +0000] "GET /api/user HTTP/1.1" 304 - "http://localhost:3000/" "Mozilla/5.0 (Windows NT 10.0; Win64; x64) AppleWebKit/537.36 (KHTML, like Gecko) Chrome/91.0.4472.77 Safari/537.36"
::1 - - [05/Jun/2021:12:43:52 +0000] "GET /api/user HTTP/1.1" 304 - "http://localhost:3000/" "Mozilla/5.0 (Linux; Android 5.0; SM-G900P Build/LRX21T) AppleWebKit/537.36 (KHTML, like Gecko) Chrome/91.0.4472.77 Mobile Safari/537.36"
::1 - - [05/Jun/2021:12:44:23 +0000] "GET /api/user HTTP/1.1" 304 - "http://localhost:3000/" "Mozilla/5.0 (Linux; Android 5.0; SM-G900P Build/LRX21T) AppleWebKit/537.36 (KHTML, like Gecko) Chrome/91.0.4472.77 Mobile Safari/537.36"
::1 - - [05/Jun/2021:12:44:25 +0000] "GET /api/user HTTP/1.1" 304 - "http://localhost:3000/" "Mozilla/5.0 (Linux; Android 5.0; SM-G900P Build/LRX21T) AppleWebKit/537.36 (KHTML, like Gecko) Chrome/91.0.4472.77 Mobile Safari/537.36"
::1 - - [05/Jun/2021:12:45:22 +0000] "GET /api/user HTTP/1.1" 304 - "http://localhost:3000/" "Mozilla/5.0 (Windows NT 10.0; Win64; x64) AppleWebKit/537.36 (KHTML, like Gecko) Chrome/91.0.4472.77 Safari/537.36"
::1 - - [05/Jun/2021:12:45:23 +0000] "GET /api/user HTTP/1.1" 304 - "http://localhost:3000/" "Mozilla/5.0 (Windows NT 10.0; Win64; x64) AppleWebKit/537.36 (KHTML, like Gecko) Chrome/91.0.4472.77 Safari/537.36"
::1 - - [05/Jun/2021:12:45:43 +0000] "GET /api/user HTTP/1.1" 304 - "http://localhost:3000/" "Mozilla/5.0 (Windows NT 10.0; Win64; x64) AppleWebKit/537.36 (KHTML, like Gecko) Chrome/91.0.4472.77 Safari/537.36"
::1 - - [05/Jun/2021:12:45:57 +0000] "GET /api/user HTTP/1.1" 304 - "http://localhost:3000/" "Mozilla/5.0 (Windows NT 10.0; Win64; x64) AppleWebKit/537.36 (KHTML, like Gecko) Chrome/91.0.4472.77 Safari/537.36"
::1 - - [05/Jun/2021:12:46:08 +0000] "GET /api/user HTTP/1.1" 304 - "http://localhost:3000/" "Mozilla/5.0 (Windows NT 10.0; Win64; x64) AppleWebKit/537.36 (KHTML, like Gecko) Chrome/91.0.4472.77 Safari/537.36"
::1 - - [05/Jun/2021:12:46:29 +0000] "GET /api/user HTTP/1.1" 304 - "http://localhost:3000/" "Mozilla/5.0 (Windows NT 10.0; Win64; x64) AppleWebKit/537.36 (KHTML, like Gecko) Chrome/91.0.4472.77 Safari/537.36"
::1 - - [05/Jun/2021:12:46:29 +0000] "GET /api/user HTTP/1.1" 304 - "http://localhost:3000/" "Mozilla/5.0 (Windows NT 10.0; Win64; x64) AppleWebKit/537.36 (KHTML, like Gecko) Chrome/91.0.4472.77 Safari/537.36"
::1 - - [05/Jun/2021:12:46:36 +0000] "GET /api/user HTTP/1.1" 304 - "http://localhost:3000/" "Mozilla/5.0 (Windows NT 10.0; Win64; x64) AppleWebKit/537.36 (KHTML, like Gecko) Chrome/91.0.4472.77 Safari/537.36"
::1 - - [05/Jun/2021:12:46:40 +0000] "GET /api/user HTTP/1.1" 304 - "http://localhost:3000/" "Mozilla/5.0 (Windows NT 10.0; Win64; x64) AppleWebKit/537.36 (KHTML, like Gecko) Chrome/91.0.4472.77 Safari/537.36"
::1 - - [05/Jun/2021:12:46:46 +0000] "GET /api/user HTTP/1.1" 304 - "http://localhost:3000/" "Mozilla/5.0 (Windows NT 10.0; Win64; x64) AppleWebKit/537.36 (KHTML, like Gecko) Chrome/91.0.4472.77 Safari/537.36"
::1 - - [05/Jun/2021:12:48:24 +0000] "GET /api/user HTTP/1.1" 304 - "http://localhost:3000/" "Mozilla/5.0 (Windows NT 10.0; Win64; x64) AppleWebKit/537.36 (KHTML, like Gecko) Chrome/91.0.4472.77 Safari/537.36"
::1 - - [05/Jun/2021:12:48:29 +0000] "GET /api/user HTTP/1.1" 304 - "http://localhost:3000/" "Mozilla/5.0 (Windows NT 10.0; Win64; x64) AppleWebKit/537.36 (KHTML, like Gecko) Chrome/91.0.4472.77 Safari/537.36"
::1 - - [05/Jun/2021:12:48:33 +0000] "GET /api/user HTTP/1.1" 304 - "http://localhost:3000/" "Mozilla/5.0 (Linux; Android 5.0; SM-G900P Build/LRX21T) AppleWebKit/537.36 (KHTML, like Gecko) Chrome/91.0.4472.77 Mobile Safari/537.36"
::1 - - [05/Jun/2021:12:48:35 +0000] "GET /api/user HTTP/1.1" 304 - "http://localhost:3000/" "Mozilla/5.0 (Linux; Android 5.0; SM-G900P Build/LRX21T) AppleWebKit/537.36 (KHTML, like Gecko) Chrome/91.0.4472.77 Mobile Safari/537.36"
::1 - - [05/Jun/2021:12:49:44 +0000] "GET /api/user HTTP/1.1" 304 - "http://localhost:3000/" "Mozilla/5.0 (Windows NT 10.0; Win64; x64) AppleWebKit/537.36 (KHTML, like Gecko) Chrome/91.0.4472.77 Safari/537.36"
::1 - - [05/Jun/2021:12:49:44 +0000] "GET /api/user HTTP/1.1" 304 - "http://localhost:3000/" "Mozilla/5.0 (Windows NT 10.0; Win64; x64) AppleWebKit/537.36 (KHTML, like Gecko) Chrome/91.0.4472.77 Safari/537.36"
::1 - - [05/Jun/2021:12:50:13 +0000] "GET /api/user HTTP/1.1" 304 - "http://localhost:3000/" "Mozilla/5.0 (Linux; Android 5.0; SM-G900P Build/LRX21T) AppleWebKit/537.36 (KHTML, like Gecko) Chrome/91.0.4472.77 Mobile Safari/537.36"
::1 - - [05/Jun/2021:12:50:14 +0000] "GET /api/user HTTP/1.1" 304 - "http://localhost:3000/" "Mozilla/5.0 (Linux; Android 5.0; SM-G900P Build/LRX21T) AppleWebKit/537.36 (KHTML, like Gecko) Chrome/91.0.4472.77 Mobile Safari/537.36"
::1 - - [05/Jun/2021:12:50:21 +0000] "GET /api/user HTTP/1.1" 304 - "http://localhost:3000/" "Mozilla/5.0 (Linux; Android 5.0; SM-G900P Build/LRX21T) AppleWebKit/537.36 (KHTML, like Gecko) Chrome/91.0.4472.77 Mobile Safari/537.36"
::1 - - [05/Jun/2021:12:50:23 +0000] "GET /api/user HTTP/1.1" 304 - "http://localhost:3000/" "Mozilla/5.0 (Linux; Android 5.0; SM-G900P Build/LRX21T) AppleWebKit/537.36 (KHTML, like Gecko) Chrome/91.0.4472.77 Mobile Safari/537.36"
::1 - - [05/Jun/2021:12:50:29 +0000] "GET /api/user HTTP/1.1" 304 - "http://localhost:3000/" "Mozilla/5.0 (Windows NT 10.0; Win64; x64) AppleWebKit/537.36 (KHTML, like Gecko) Chrome/91.0.4472.77 Safari/537.36"
::1 - - [05/Jun/2021:12:50:33 +0000] "GET /api/user HTTP/1.1" 304 - "http://localhost:3000/" "Mozilla/5.0 (Linux; Android 5.0; SM-G900P Build/LRX21T) AppleWebKit/537.36 (KHTML, like Gecko) Chrome/91.0.4472.77 Mobile Safari/537.36"
::1 - - [05/Jun/2021:12:50:36 +0000] "GET /api/user HTTP/1.1" 304 - "http://localhost:3000/" "Mozilla/5.0 (Linux; Android 5.0; SM-G900P Build/LRX21T) AppleWebKit/537.36 (KHTML, like Gecko) Chrome/91.0.4472.77 Mobile Safari/537.36"
::1 - - [05/Jun/2021:12:51:25 +0000] "GET /api/user HTTP/1.1" 304 - "http://localhost:3000/" "Mozilla/5.0 (Windows NT 10.0; Win64; x64) AppleWebKit/537.36 (KHTML, like Gecko) Chrome/91.0.4472.77 Safari/537.36"
::1 - - [05/Jun/2021:12:51:33 +0000] "GET /api/user HTTP/1.1" 304 - "http://localhost:3000/" "Mozilla/5.0 (Windows NT 10.0; Win64; x64) AppleWebKit/537.36 (KHTML, like Gecko) Chrome/91.0.4472.77 Safari/537.36"
::1 - - [05/Jun/2021:12:51:58 +0000] "GET /api/user HTTP/1.1" 304 - "http://localhost:3000/" "Mozilla/5.0 (Windows NT 10.0; Win64; x64) AppleWebKit/537.36 (KHTML, like Gecko) Chrome/91.0.4472.77 Safari/537.36"
::1 - - [05/Jun/2021:12:52:02 +0000] "GET /api/user HTTP/1.1" 304 - "http://localhost:3000/" "Mozilla/5.0 (Linux; Android 5.0; SM-G900P Build/LRX21T) AppleWebKit/537.36 (KHTML, like Gecko) Chrome/91.0.4472.77 Mobile Safari/537.36"
::1 - - [05/Jun/2021:12:52:04 +0000] "GET /api/user HTTP/1.1" 304 - "http://localhost:3000/" "Mozilla/5.0 (Linux; Android 5.0; SM-G900P Build/LRX21T) AppleWebKit/537.36 (KHTML, like Gecko) Chrome/91.0.4472.77 Mobile Safari/537.36"
::1 - - [05/Jun/2021:12:52:13 +0000] "GET /api/user HTTP/1.1" 304 - "http://localhost:3000/" "Mozilla/5.0 (Windows NT 10.0; Win64; x64) AppleWebKit/537.36 (KHTML, like Gecko) Chrome/91.0.4472.77 Safari/537.36"
::1 - - [05/Jun/2021:12:52:16 +0000] "GET /api/user HTTP/1.1" 304 - "http://localhost:3000/" "Mozilla/5.0 (Windows NT 10.0; Win64; x64) AppleWebKit/537.36 (KHTML, like Gecko) Chrome/91.0.4472.77 Safari/537.36"
::1 - - [05/Jun/2021:12:52:35 +0000] "GET /api/user HTTP/1.1" 304 - "http://localhost:3000/" "Mozilla/5.0 (Windows NT 10.0; Win64; x64) AppleWebKit/537.36 (KHTML, like Gecko) Chrome/91.0.4472.77 Safari/537.36"
::1 - - [05/Jun/2021:12:52:39 +0000] "GET /api/user HTTP/1.1" 304 - "http://localhost:3000/" "Mozilla/5.0 (Windows NT 10.0; Win64; x64) AppleWebKit/537.36 (KHTML, like Gecko) Chrome/91.0.4472.77 Safari/537.36"
::1 - - [05/Jun/2021:12:52:44 +0000] "GET /api/user HTTP/1.1" 304 - "http://localhost:3000/" "Mozilla/5.0 (Linux; Android 5.0; SM-G900P Build/LRX21T) AppleWebKit/537.36 (KHTML, like Gecko) Chrome/91.0.4472.77 Mobile Safari/537.36"
::1 - - [05/Jun/2021:12:52:52 +0000] "GET /api/user HTTP/1.1" 304 - "http://localhost:3000/" "Mozilla/5.0 (Linux; Android 5.0; SM-G900P Build/LRX21T) AppleWebKit/537.36 (KHTML, like Gecko) Chrome/91.0.4472.77 Mobile Safari/537.36"
::1 - - [05/Jun/2021:12:52:53 +0000] "GET /api/user HTTP/1.1" 304 - "http://localhost:3000/" "Mozilla/5.0 (Linux; Android 5.0; SM-G900P Build/LRX21T) AppleWebKit/537.36 (KHTML, like Gecko) Chrome/91.0.4472.77 Mobile Safari/537.36"
::1 - - [05/Jun/2021:12:53:09 +0000] "GET /api/user HTTP/1.1" 304 - "http://localhost:3000/" "Mozilla/5.0 (Windows NT 10.0; Win64; x64) AppleWebKit/537.36 (KHTML, like Gecko) Chrome/91.0.4472.77 Safari/537.36"
::1 - - [05/Jun/2021:12:53:15 +0000] "GET /api/user HTTP/1.1" 304 - "http://localhost:3000/" "Mozilla/5.0 (Windows NT 10.0; Win64; x64) AppleWebKit/537.36 (KHTML, like Gecko) Chrome/91.0.4472.77 Safari/537.36"
::1 - - [05/Jun/2021:12:53:16 +0000] "GET /api/user HTTP/1.1" 304 - "http://localhost:3000/" "Mozilla/5.0 (Windows NT 10.0; Win64; x64) AppleWebKit/537.36 (KHTML, like Gecko) Chrome/91.0.4472.77 Safari/537.36"
::1 - - [05/Jun/2021:12:53:52 +0000] "GET /api/user HTTP/1.1" 304 - "http://localhost:3000/" "Mozilla/5.0 (Windows NT 10.0; Win64; x64) AppleWebKit/537.36 (KHTML, like Gecko) Chrome/91.0.4472.77 Safari/537.36"
::1 - - [05/Jun/2021:12:53:52 +0000] "GET /api/user HTTP/1.1" 304 - "http://localhost:3000/" "Mozilla/5.0 (Windows NT 10.0; Win64; x64) AppleWebKit/537.36 (KHTML, like Gecko) Chrome/91.0.4472.77 Safari/537.36"
::1 - - [05/Jun/2021:12:53:58 +0000] "GET /api/user HTTP/1.1" 304 - "http://localhost:3000/" "Mozilla/5.0 (Windows NT 10.0; Win64; x64) AppleWebKit/537.36 (KHTML, like Gecko) Chrome/91.0.4472.77 Safari/537.36"
::1 - - [05/Jun/2021:12:54:15 +0000] "GET /api/user HTTP/1.1" 304 - "http://localhost:3000/" "Mozilla/5.0 (Windows NT 10.0; Win64; x64) AppleWebKit/537.36 (KHTML, like Gecko) Chrome/91.0.4472.77 Safari/537.36"
::1 - - [05/Jun/2021:12:54:16 +0000] "GET /api/user HTTP/1.1" 304 - "http://localhost:3000/" "Mozilla/5.0 (Windows NT 10.0; Win64; x64) AppleWebKit/537.36 (KHTML, like Gecko) Chrome/91.0.4472.77 Safari/537.36"
::1 - - [05/Jun/2021:12:54:28 +0000] "GET /api/user HTTP/1.1" 304 - "http://localhost:3000/" "Mozilla/5.0 (Windows NT 10.0; Win64; x64) AppleWebKit/537.36 (KHTML, like Gecko) Chrome/91.0.4472.77 Safari/537.36"
::1 - - [05/Jun/2021:12:54:32 +0000] "GET /api/user HTTP/1.1" 304 - "http://localhost:3000/" "Mozilla/5.0 (Linux; Android 5.0; SM-G900P Build/LRX21T) AppleWebKit/537.36 (KHTML, like Gecko) Chrome/91.0.4472.77 Mobile Safari/537.36"
::1 - - [05/Jun/2021:12:54:34 +0000] "GET /api/user HTTP/1.1" 304 - "http://localhost:3000/" "Mozilla/5.0 (Linux; Android 5.0; SM-G900P Build/LRX21T) AppleWebKit/537.36 (KHTML, like Gecko) Chrome/91.0.4472.77 Mobile Safari/537.36"
::1 - - [05/Jun/2021:12:54:37 +0000] "GET /api/user HTTP/1.1" 304 - "http://localhost:3000/" "Mozilla/5.0 (Windows NT 10.0; Win64; x64) AppleWebKit/537.36 (KHTML, like Gecko) Chrome/91.0.4472.77 Safari/537.36"
::1 - - [05/Jun/2021:12:54:47 +0000] "PUT /api/user/update/60bb61a9cbe9712918be6590 HTTP/1.1" 200 36 "http://localhost:3000/" "Mozilla/5.0 (Windows NT 10.0; Win64; x64) AppleWebKit/537.36 (KHTML, like Gecko) Chrome/91.0.4472.77 Safari/537.36"
::1 - - [05/Jun/2021:12:54:47 +0000] "GET /api/user HTTP/1.1" 200 521 "http://localhost:3000/" "Mozilla/5.0 (Windows NT 10.0; Win64; x64) AppleWebKit/537.36 (KHTML, like Gecko) Chrome/91.0.4472.77 Safari/537.36"
::1 - - [05/Jun/2021:12:55:42 +0000] "GET /api/user HTTP/1.1" 304 - "http://localhost:3000/" "Mozilla/5.0 (Windows NT 10.0; Win64; x64) AppleWebKit/537.36 (KHTML, like Gecko) Chrome/91.0.4472.77 Safari/537.36"
